This file contains any messages produced by compilers while
running configure, to aid debugging if configure makes a mistake.

It was created by jansson configure 2.7, which was
generated by GNU Autoconf 2.69.  Invocation command line was

  $ ./configure --prefix=/home/joshtsou/centron_test_cmd/out --enable-shared=no --enable-static=yes

## --------- ##
## Platform. ##
## --------- ##

hostname = joshtsou-VirtualBox
uname -m = x86_64
uname -r = 5.4.0-150-generic
uname -s = Linux
uname -v = #167~18.04.1-Ubuntu SMP Wed May 24 00:51:42 UTC 2023

/usr/bin/uname -p = unknown
/bin/uname -X     = unknown

/bin/arch              = unknown
/usr/bin/arch -k       = unknown
/usr/convex/getsysinfo = unknown
/usr/bin/hostinfo      = unknown
/bin/machine           = unknown
/usr/bin/oslevel       = unknown
/bin/universe          = unknown

PATH: /usr/local/sbin
PATH: /usr/local/bin
PATH: /usr/sbin
PATH: /usr/bin
PATH: /sbin
PATH: /bin
PATH: /usr/games
PATH: /usr/local/games
PATH: /snap/bin


## ----------- ##
## Core tests. ##
## ----------- ##

configure:2412: checking for a BSD-compatible install
configure:2480: result: /usr/bin/install -c
configure:2491: checking whether build environment is sane
configure:2546: result: yes
configure:2697: checking for a thread-safe mkdir -p
configure:2736: result: /bin/mkdir -p
configure:2743: checking for gawk
configure:2759: found /usr/bin/gawk
configure:2770: result: gawk
configure:2781: checking whether make sets $(MAKE)
configure:2803: result: yes
configure:2832: checking whether make supports nested variables
configure:2849: result: yes
configure:3029: checking for gcc
configure:3056: result: gcc
configure:3285: checking for C compiler version
configure:3294: gcc --version >&5
gcc (Ubuntu 7.5.0-3ubuntu1~18.04) 7.5.0
Copyright (C) 2017 Free Software Foundation, Inc.
This is free software; see the source for copying conditions.  There is NO
warranty; not even for MERCHANTABILITY or FITNESS FOR A PARTICULAR PURPOSE.

configure:3305: $? = 0
configure:3294: gcc -v >&5
Using built-in specs.
COLLECT_GCC=gcc
COLLECT_LTO_WRAPPER=/usr/lib/gcc/x86_64-linux-gnu/7/lto-wrapper
OFFLOAD_TARGET_NAMES=nvptx-none
OFFLOAD_TARGET_DEFAULT=1
Target: x86_64-linux-gnu
Configured with: ../src/configure -v --with-pkgversion='Ubuntu 7.5.0-3ubuntu1~18.04' --with-bugurl=file:///usr/share/doc/gcc-7/README.Bugs --enable-languages=c,ada,c++,go,brig,d,fortran,objc,obj-c++ --prefix=/usr --with-gcc-major-version-only --program-suffix=-7 --program-prefix=x86_64-linux-gnu- --enable-shared --enable-linker-build-id --libexecdir=/usr/lib --without-included-gettext --enable-threads=posix --libdir=/usr/lib --enable-nls --enable-bootstrap --enable-clocale=gnu --enable-libstdcxx-debug --enable-libstdcxx-time=yes --with-default-libstdcxx-abi=new --enable-gnu-unique-object --disable-vtable-verify --enable-libmpx --enable-plugin --enable-default-pie --with-system-zlib --with-target-system-zlib --enable-objc-gc=auto --enable-multiarch --disable-werror --with-arch-32=i686 --with-abi=m64 --with-multilib-list=m32,m64,mx32 --enable-multilib --with-tune=generic --enable-offload-targets=nvptx-none --without-cuda-driver --enable-checking=release --build=x86_64-linux-gnu --host=x86_64-linux-gnu --target=x86_64-linux-gnu
Thread model: posix
gcc version 7.5.0 (Ubuntu 7.5.0-3ubuntu1~18.04) 
configure:3305: $? = 0
configure:3294: gcc -V >&5
gcc: error: unrecognized command line option '-V'
gcc: fatal error: no input files
compilation terminated.
configure:3305: $? = 1
configure:3294: gcc -qversion >&5
gcc: error: unrecognized command line option '-qversion'; did you mean '--version'?
gcc: fatal error: no input files
compilation terminated.
configure:3305: $? = 1
configure:3325: checking whether the C compiler works
configure:3347: gcc -I/home/joshtsou/centron_test_cmd/out/include -Wall -O2   conftest.c  >&5
configure:3351: $? = 0
configure:3399: result: yes
configure:3402: checking for C compiler default output file name
configure:3404: result: a.out
configure:3410: checking for suffix of executables
configure:3417: gcc -o conftest -I/home/joshtsou/centron_test_cmd/out/include -Wall -O2   conftest.c  >&5
configure:3421: $? = 0
configure:3443: result: 
configure:3465: checking whether we are cross compiling
configure:3473: gcc -o conftest -I/home/joshtsou/centron_test_cmd/out/include -Wall -O2   conftest.c  >&5
configure:3477: $? = 0
configure:3484: ./conftest
configure:3488: $? = 0
configure:3503: result: no
configure:3508: checking for suffix of object files
configure:3530: gcc -c -I/home/joshtsou/centron_test_cmd/out/include -Wall -O2  conftest.c >&5
configure:3534: $? = 0
configure:3555: result: o
configure:3559: checking whether we are using the GNU C compiler
configure:3578: gcc -c -I/home/joshtsou/centron_test_cmd/out/include -Wall -O2  conftest.c >&5
configure:3578: $? = 0
configure:3587: result: yes
configure:3596: checking whether gcc accepts -g
configure:3616: gcc -c -g  conftest.c >&5
configure:3616: $? = 0
configure:3657: result: yes
configure:3674: checking for gcc option to accept ISO C89
configure:3737: gcc  -c -I/home/joshtsou/centron_test_cmd/out/include -Wall -O2  conftest.c >&5
configure:3737: $? = 0
configure:3750: result: none needed
configure:3775: checking whether gcc understands -c and -o together
configure:3797: gcc -c conftest.c -o conftest2.o
configure:3800: $? = 0
configure:3797: gcc -c conftest.c -o conftest2.o
configure:3800: $? = 0
configure:3812: result: yes
configure:3840: checking for style of include used by make
configure:3868: result: GNU
configure:3894: checking dependency style of gcc
configure:4005: result: gcc3
configure:4049: checking build system type
configure:4063: result: x86_64-pc-linux-gnu
configure:4083: checking host system type
configure:4096: result: x86_64-pc-linux-gnu
configure:4137: checking how to print strings
configure:4164: result: printf
configure:4185: checking for a sed that does not truncate output
configure:4249: result: /bin/sed
configure:4267: checking for grep that handles long lines and -e
configure:4325: result: /bin/grep
configure:4330: checking for egrep
configure:4392: result: /bin/grep -E
configure:4397: checking for fgrep
configure:4459: result: /bin/grep -F
configure:4494: checking for ld used by gcc
configure:4561: result: /usr/bin/ld
configure:4568: checking if the linker (/usr/bin/ld) is GNU ld
configure:4583: result: yes
configure:4595: checking for BSD- or MS-compatible name lister (nm)
configure:4649: result: /usr/bin/nm -B
configure:4779: checking the name lister (/usr/bin/nm -B) interface
configure:4786: gcc -c -I/home/joshtsou/centron_test_cmd/out/include -Wall -O2  conftest.c >&5
configure:4789: /usr/bin/nm -B "conftest.o"
configure:4792: output
0000000000000000 B some_variable
configure:4799: result: BSD nm
configure:4802: checking whether ln -s works
configure:4806: result: yes
configure:4814: checking the maximum length of command line arguments
configure:4945: result: 1572864
configure:4993: checking how to convert x86_64-pc-linux-gnu file names to x86_64-pc-linux-gnu format
configure:5033: result: func_convert_file_noop
configure:5040: checking how to convert x86_64-pc-linux-gnu file names to toolchain format
configure:5060: result: func_convert_file_noop
configure:5067: checking for /usr/bin/ld option to reload object files
configure:5074: result: -r
configure:5148: checking for objdump
configure:5164: found /usr/bin/objdump
configure:5175: result: objdump
configure:5207: checking how to recognize dependent libraries
configure:5407: result: pass_all
configure:5492: checking for dlltool
configure:5522: result: no
configure:5552: checking how to associate runtime and link libraries
configure:5579: result: printf %s\n
configure:5704: checking for archiver @FILE support
configure:5721: gcc -c -I/home/joshtsou/centron_test_cmd/out/include -Wall -O2  conftest.c >&5
configure:5721: $? = 0
configure:5724: ar cru libconftest.a @conftest.lst >&5
ar: `u' modifier ignored since `D' is the default (see `U')
configure:5727: $? = 0
configure:5732: ar cru libconftest.a @conftest.lst >&5
ar: `u' modifier ignored since `D' is the default (see `U')
ar: conftest.o: No such file or directory
configure:5735: $? = 1
configure:5747: result: @
configure:5805: checking for strip
configure:5821: found /usr/bin/strip
configure:5832: result: strip
configure:5904: checking for ranlib
configure:5920: found /usr/bin/ranlib
configure:5931: result: ranlib
configure:6033: checking command to parse /usr/bin/nm -B output from gcc object
configure:6186: gcc -c -I/home/joshtsou/centron_test_cmd/out/include -Wall -O2  conftest.c >&5
configure:6189: $? = 0
configure:6193: /usr/bin/nm -B conftest.o \| sed -n -e 's/^.*[ ]\([ABCDGIRSTW][ABCDGIRSTW]*\)[ ][ ]*\([_A-Za-z][_A-Za-z0-9]*\)$/\1 \2 \2/p' | sed '/ __gnu_lto/d' \> conftest.nm
configure:6196: $? = 0
configure:6262: gcc -o conftest -I/home/joshtsou/centron_test_cmd/out/include -Wall -O2   conftest.c conftstm.o >&5
configure:6265: $? = 0
configure:6303: result: ok
configure:6350: checking for sysroot
configure:6380: result: no
configure:6387: checking for a working dd
configure:6425: result: /bin/dd
configure:6429: checking how to truncate binary pipes
configure:6444: result: /bin/dd bs=4096 count=1
configure:6580: gcc -c -I/home/joshtsou/centron_test_cmd/out/include -Wall -O2  conftest.c >&5
configure:6583: $? = 0
configure:6773: checking for mt
configure:6789: found /bin/mt
configure:6800: result: mt
configure:6823: checking if mt is a manifest tool
configure:6829: mt '-?'
configure:6837: result: no
configure:7514: checking how to run the C preprocessor
configure:7545: gcc -E  conftest.c
configure:7545: $? = 0
configure:7559: gcc -E  conftest.c
conftest.c:11:10: fatal error: ac_nonexistent.h: No such file or directory
 #include <ac_nonexistent.h>
          ^~~~~~~~~~~~~~~~~~
compilation terminated.
configure:7559: $? = 1
configure: failed program was:
| /* confdefs.h */
| #define PACKAGE_NAME "jansson"
| #define PACKAGE_TARNAME "jansson"
| #define PACKAGE_VERSION "2.7"
| #define PACKAGE_STRING "jansson 2.7"
| #define PACKAGE_BUGREPORT "petri@digip.org"
| #define PACKAGE_URL ""
| #define PACKAGE "jansson"
| #define VERSION "2.7"
| /* end confdefs.h.  */
| #include <ac_nonexistent.h>
configure:7584: result: gcc -E
configure:7604: gcc -E  conftest.c
configure:7604: $? = 0
configure:7618: gcc -E  conftest.c
conftest.c:11:10: fatal error: ac_nonexistent.h: No such file or directory
 #include <ac_nonexistent.h>
          ^~~~~~~~~~~~~~~~~~
compilation terminated.
configure:7618: $? = 1
configure: failed program was:
| /* confdefs.h */
| #define PACKAGE_NAME "jansson"
| #define PACKAGE_TARNAME "jansson"
| #define PACKAGE_VERSION "2.7"
| #define PACKAGE_STRING "jansson 2.7"
| #define PACKAGE_BUGREPORT "petri@digip.org"
| #define PACKAGE_URL ""
| #define PACKAGE "jansson"
| #define VERSION "2.7"
| /* end confdefs.h.  */
| #include <ac_nonexistent.h>
configure:7647: checking for ANSI C header files
configure:7667: gcc -c -I/home/joshtsou/centron_test_cmd/out/include -Wall -O2  conftest.c >&5
configure:7667: $? = 0
configure:7740: gcc -o conftest -I/home/joshtsou/centron_test_cmd/out/include -Wall -O2   conftest.c  >&5
configure:7740: $? = 0
configure:7740: ./conftest
configure:7740: $? = 0
configure:7751: result: yes
configure:7764: checking for sys/types.h
configure:7764: gcc -c -I/home/joshtsou/centron_test_cmd/out/include -Wall -O2  conftest.c >&5
configure:7764: $? = 0
configure:7764: result: yes
configure:7764: checking for sys/stat.h
configure:7764: gcc -c -I/home/joshtsou/centron_test_cmd/out/include -Wall -O2  conftest.c >&5
configure:7764: $? = 0
configure:7764: result: yes
configure:7764: checking for stdlib.h
configure:7764: gcc -c -I/home/joshtsou/centron_test_cmd/out/include -Wall -O2  conftest.c >&5
configure:7764: $? = 0
configure:7764: result: yes
configure:7764: checking for string.h
configure:7764: gcc -c -I/home/joshtsou/centron_test_cmd/out/include -Wall -O2  conftest.c >&5
configure:7764: $? = 0
configure:7764: result: yes
configure:7764: checking for memory.h
configure:7764: gcc -c -I/home/joshtsou/centron_test_cmd/out/include -Wall -O2  conftest.c >&5
configure:7764: $? = 0
configure:7764: result: yes
configure:7764: checking for strings.h
configure:7764: gcc -c -I/home/joshtsou/centron_test_cmd/out/include -Wall -O2  conftest.c >&5
configure:7764: $? = 0
configure:7764: result: yes
configure:7764: checking for inttypes.h
configure:7764: gcc -c -I/home/joshtsou/centron_test_cmd/out/include -Wall -O2  conftest.c >&5
configure:7764: $? = 0
configure:7764: result: yes
configure:7764: checking for stdint.h
configure:7764: gcc -c -I/home/joshtsou/centron_test_cmd/out/include -Wall -O2  conftest.c >&5
configure:7764: $? = 0
configure:7764: result: yes
configure:7764: checking for unistd.h
configure:7764: gcc -c -I/home/joshtsou/centron_test_cmd/out/include -Wall -O2  conftest.c >&5
configure:7764: $? = 0
configure:7764: result: yes
configure:7778: checking for dlfcn.h
configure:7778: gcc -c -I/home/joshtsou/centron_test_cmd/out/include -Wall -O2  conftest.c >&5
configure:7778: $? = 0
configure:7778: result: yes
configure:8034: checking for objdir
configure:8049: result: .libs
configure:8309: checking if gcc supports -fno-rtti -fno-exceptions
configure:8327: gcc -c -I/home/joshtsou/centron_test_cmd/out/include -Wall -O2  -fno-rtti -fno-exceptions conftest.c >&5
cc1: warning: command line option '-fno-rtti' is valid for C++/ObjC++ but not for C
configure:8331: $? = 0
configure:8344: result: no
configure:8702: checking for gcc option to produce PIC
configure:8709: result: -fPIC -DPIC
configure:8717: checking if gcc PIC flag -fPIC -DPIC works
configure:8735: gcc -c -I/home/joshtsou/centron_test_cmd/out/include -Wall -O2  -fPIC -DPIC -DPIC conftest.c >&5
configure:8739: $? = 0
configure:8752: result: yes
configure:8781: checking if gcc static flag -static works
configure:8809: result: yes
configure:8824: checking if gcc supports -c -o file.o
configure:8845: gcc -c -I/home/joshtsou/centron_test_cmd/out/include -Wall -O2  -o out/conftest2.o conftest.c >&5
configure:8849: $? = 0
configure:8871: result: yes
configure:8879: checking if gcc supports -c -o file.o
configure:8926: result: yes
configure:8959: checking whether the gcc linker (/usr/bin/ld -m elf_x86_64) supports shared libraries
configure:10222: result: yes
configure:10462: checking dynamic linker characteristics
configure:11043: gcc -o conftest -I/home/joshtsou/centron_test_cmd/out/include -Wall -O2   -Wl,-rpath -Wl,/foo conftest.c  >&5
configure:11043: $? = 0
configure:11292: result: GNU/Linux ld.so
configure:11414: checking how to hardcode library paths into programs
configure:11439: result: immediate
configure:11987: checking whether stripping libraries is possible
configure:11992: result: yes
configure:12027: checking if libtool supports shared libraries
configure:12029: result: yes
configure:12032: checking whether to build shared libraries
configure:12057: result: no
configure:12060: checking whether to build static libraries
configure:12064: result: yes
configure:12116: checking endian.h usability
configure:12116: gcc -c -I/home/joshtsou/centron_test_cmd/out/include -Wall -O2  conftest.c >&5
configure:12116: $? = 0
configure:12116: result: yes
configure:12116: checking endian.h presence
configure:12116: gcc -E  conftest.c
configure:12116: $? = 0
configure:12116: result: yes
configure:12116: checking for endian.h
configure:12116: result: yes
configure:12116: checking fcntl.h usability
configure:12116: gcc -c -I/home/joshtsou/centron_test_cmd/out/include -Wall -O2  conftest.c >&5
configure:12116: $? = 0
configure:12116: result: yes
configure:12116: checking fcntl.h presence
configure:12116: gcc -E  conftest.c
configure:12116: $? = 0
configure:12116: result: yes
configure:12116: checking for fcntl.h
configure:12116: result: yes
configure:12116: checking locale.h usability
configure:12116: gcc -c -I/home/joshtsou/centron_test_cmd/out/include -Wall -O2  conftest.c >&5
configure:12116: $? = 0
configure:12116: result: yes
configure:12116: checking locale.h presence
configure:12116: gcc -E  conftest.c
configure:12116: $? = 0
configure:12116: result: yes
configure:12116: checking for locale.h
configure:12116: result: yes
configure:12116: checking sched.h usability
configure:12116: gcc -c -I/home/joshtsou/centron_test_cmd/out/include -Wall -O2  conftest.c >&5
configure:12116: $? = 0
configure:12116: result: yes
configure:12116: checking sched.h presence
configure:12116: gcc -E  conftest.c
configure:12116: $? = 0
configure:12116: result: yes
configure:12116: checking for sched.h
configure:12116: result: yes
configure:12116: checking for unistd.h
configure:12116: result: yes
configure:12116: checking sys/param.h usability
configure:12116: gcc -c -I/home/joshtsou/centron_test_cmd/out/include -Wall -O2  conftest.c >&5
configure:12116: $? = 0
configure:12116: result: yes
configure:12116: checking sys/param.h presence
configure:12116: gcc -E  conftest.c
configure:12116: $? = 0
configure:12116: result: yes
configure:12116: checking for sys/param.h
configure:12116: result: yes
configure:12116: checking for sys/stat.h
configure:12116: result: yes
configure:12116: checking sys/time.h usability
configure:12116: gcc -c -I/home/joshtsou/centron_test_cmd/out/include -Wall -O2  conftest.c >&5
configure:12116: $? = 0
configure:12116: result: yes
configure:12116: checking sys/time.h presence
configure:12116: gcc -E  conftest.c
configure:12116: $? = 0
configure:12116: result: yes
configure:12116: checking for sys/time.h
configure:12116: result: yes
configure:12116: checking for sys/types.h
configure:12116: result: yes
configure:12128: checking for int32_t
configure:12128: gcc -c -I/home/joshtsou/centron_test_cmd/out/include -Wall -O2  conftest.c >&5
configure:12128: $? = 0
configure:12128: gcc -c -I/home/joshtsou/centron_test_cmd/out/include -Wall -O2  conftest.c >&5
conftest.c: In function 'main':
conftest.c:70:53: warning: integer overflow in expression [-Woverflow]
    < (int32_t) (((((int32_t) 1 << N) << N) - 1) * 2 + 2))];
                                                     ^
conftest.c:69:12: error: storage size of 'test_array' isn't constant
 static int test_array [1 - 2 * !((int32_t) (((((int32_t) 1 << N) << N) - 1) * 2 + 1)
            ^~~~~~~~~~
conftest.c:69:12: warning: unused variable 'test_array' [-Wunused-variable]
configure:12128: $? = 1
configure: failed program was:
| /* confdefs.h */
| #define PACKAGE_NAME "jansson"
| #define PACKAGE_TARNAME "jansson"
| #define PACKAGE_VERSION "2.7"
| #define PACKAGE_STRING "jansson 2.7"
| #define PACKAGE_BUGREPORT "petri@digip.org"
| #define PACKAGE_URL ""
| #define PACKAGE "jansson"
| #define VERSION "2.7"
| #define STDC_HEADERS 1
| #define HAVE_SYS_TYPES_H 1
| #define HAVE_SYS_STAT_H 1
| #define HAVE_STDLIB_H 1
| #define HAVE_STRING_H 1
| #define HAVE_MEMORY_H 1
| #define HAVE_STRINGS_H 1
| #define HAVE_INTTYPES_H 1
| #define HAVE_STDINT_H 1
| #define HAVE_UNISTD_H 1
| #define HAVE_DLFCN_H 1
| #define LT_OBJDIR ".libs/"
| #define HAVE_ENDIAN_H 1
| #define HAVE_FCNTL_H 1
| #define HAVE_LOCALE_H 1
| #define HAVE_SCHED_H 1
| #define HAVE_UNISTD_H 1
| #define HAVE_SYS_PARAM_H 1
| #define HAVE_SYS_STAT_H 1
| #define HAVE_SYS_TIME_H 1
| #define HAVE_SYS_TYPES_H 1
| /* end confdefs.h.  */
| #include <stdio.h>
| #ifdef HAVE_SYS_TYPES_H
| # include <sys/types.h>
| #endif
| #ifdef HAVE_SYS_STAT_H
| # include <sys/stat.h>
| #endif
| #ifdef STDC_HEADERS
| # include <stdlib.h>
| # include <stddef.h>
| #else
| # ifdef HAVE_STDLIB_H
| #  include <stdlib.h>
| # endif
| #endif
| #ifdef HAVE_STRING_H
| # if !defined STDC_HEADERS && defined HAVE_MEMORY_H
| #  include <memory.h>
| # endif
| # include <string.h>
| #endif
| #ifdef HAVE_STRINGS_H
| # include <strings.h>
| #endif
| #ifdef HAVE_INTTYPES_H
| # include <inttypes.h>
| #endif
| #ifdef HAVE_STDINT_H
| # include <stdint.h>
| #endif
| #ifdef HAVE_UNISTD_H
| # include <unistd.h>
| #endif
| 	        enum { N = 32 / 2 - 1 };
| int
| main ()
| {
| static int test_array [1 - 2 * !((int32_t) (((((int32_t) 1 << N) << N) - 1) * 2 + 1)
| 		 < (int32_t) (((((int32_t) 1 << N) << N) - 1) * 2 + 2))];
| test_array [0] = 0;
| return test_array [0];
| 
|   ;
|   return 0;
| }
configure:12128: result: yes
configure:12139: checking for uint32_t
configure:12139: gcc -c -I/home/joshtsou/centron_test_cmd/out/include -Wall -O2  conftest.c >&5
configure:12139: $? = 0
configure:12139: result: yes
configure:12153: checking for uint16_t
configure:12153: gcc -c -I/home/joshtsou/centron_test_cmd/out/include -Wall -O2  conftest.c >&5
configure:12153: $? = 0
configure:12153: result: yes
configure:12165: checking for uint8_t
configure:12165: gcc -c -I/home/joshtsou/centron_test_cmd/out/include -Wall -O2  conftest.c >&5
configure:12165: $? = 0
configure:12165: result: yes
configure:12180: checking for unsigned long long int
configure:12219: gcc -o conftest -I/home/joshtsou/centron_test_cmd/out/include -Wall -O2   conftest.c  >&5
configure:12219: $? = 0
configure:12228: result: yes
configure:12238: checking for long long int
configure:12276: gcc -o conftest -I/home/joshtsou/centron_test_cmd/out/include -Wall -O2   conftest.c  >&5
configure:12276: $? = 0
configure:12276: ./conftest
configure:12276: $? = 0
configure:12288: result: yes
configure:12297: checking for inline
configure:12313: gcc -c -I/home/joshtsou/centron_test_cmd/out/include -Wall -O2  conftest.c >&5
configure:12313: $? = 0
configure:12321: result: inline
configure:12350: checking for close
configure:12350: gcc -o conftest -I/home/joshtsou/centron_test_cmd/out/include -Wall -O2   conftest.c  >&5
configure:12350: $? = 0
configure:12350: result: yes
configure:12350: checking for getpid
configure:12350: gcc -o conftest -I/home/joshtsou/centron_test_cmd/out/include -Wall -O2   conftest.c  >&5
configure:12350: $? = 0
configure:12350: result: yes
configure:12350: checking for gettimeofday
configure:12350: gcc -o conftest -I/home/joshtsou/centron_test_cmd/out/include -Wall -O2   conftest.c  >&5
configure:12350: $? = 0
configure:12350: result: yes
configure:12350: checking for localeconv
configure:12350: gcc -o conftest -I/home/joshtsou/centron_test_cmd/out/include -Wall -O2   conftest.c  >&5
configure:12350: $? = 0
configure:12350: result: yes
configure:12350: checking for open
configure:12350: gcc -o conftest -I/home/joshtsou/centron_test_cmd/out/include -Wall -O2   conftest.c  >&5
configure:12350: $? = 0
configure:12350: result: yes
configure:12350: checking for read
configure:12350: gcc -o conftest -I/home/joshtsou/centron_test_cmd/out/include -Wall -O2   conftest.c  >&5
configure:12350: $? = 0
configure:12350: result: yes
configure:12350: checking for sched_yield
configure:12350: gcc -o conftest -I/home/joshtsou/centron_test_cmd/out/include -Wall -O2   conftest.c  >&5
configure:12350: $? = 0
configure:12350: result: yes
configure:12350: checking for strtoll
configure:12350: gcc -o conftest -I/home/joshtsou/centron_test_cmd/out/include -Wall -O2   conftest.c  >&5
configure:12350: $? = 0
configure:12350: result: yes
configure:12360: checking for gcc __sync builtins
configure:12374: gcc -o conftest -I/home/joshtsou/centron_test_cmd/out/include -Wall -O2   conftest.c  >&5
configure:12374: $? = 0
configure:12384: result: yes
configure:12387: checking for gcc __atomic builtins
configure:12401: gcc -o conftest -I/home/joshtsou/centron_test_cmd/out/include -Wall -O2   conftest.c  >&5
configure:12401: $? = 0
configure:12411: result: yes
configure:12571: checking that generated files are newer than configure
configure:12577: result: done
configure:12604: creating ./config.status

## ---------------------- ##
## Running config.status. ##
## ---------------------- ##

This file was extended by jansson config.status 2.7, which was
generated by GNU Autoconf 2.69.  Invocation command line was

  CONFIG_FILES    = 
  CONFIG_HEADERS  = 
  CONFIG_LINKS    = 
  CONFIG_COMMANDS = 
  $ ./config.status 

on joshtsou-VirtualBox

config.status:1121: creating jansson.pc
config.status:1121: creating Makefile
config.status:1121: creating doc/Makefile
config.status:1121: creating src/Makefile
config.status:1121: creating src/jansson_config.h
config.status:1121: creating test/Makefile
config.status:1121: creating test/bin/Makefile
config.status:1121: creating test/suites/Makefile
config.status:1121: creating test/suites/api/Makefile
config.status:1121: creating jansson_private_config.h
config.status:1350: executing depfiles commands
config.status:1350: executing libtool commands

## ---------------- ##
## Cache variables. ##
## ---------------- ##

ac_cv_build=x86_64-pc-linux-gnu
ac_cv_c_compiler_gnu=yes
ac_cv_c_inline=inline
ac_cv_c_int32_t=yes
ac_cv_c_uint16_t=yes
ac_cv_c_uint32_t=yes
ac_cv_c_uint8_t=yes
ac_cv_env_CC_set=set
ac_cv_env_CC_value=gcc
ac_cv_env_CFLAGS_set=set
ac_cv_env_CFLAGS_value='-I/home/joshtsou/centron_test_cmd/out/include -Wall -O2'
ac_cv_env_CPPFLAGS_set=
ac_cv_env_CPPFLAGS_value=
ac_cv_env_CPP_set=
ac_cv_env_CPP_value=
ac_cv_env_LDFLAGS_set=
ac_cv_env_LDFLAGS_value=
ac_cv_env_LIBS_set=
ac_cv_env_LIBS_value=
ac_cv_env_LT_SYS_LIBRARY_PATH_set=
ac_cv_env_LT_SYS_LIBRARY_PATH_value=
ac_cv_env_build_alias_set=
ac_cv_env_build_alias_value=
ac_cv_env_host_alias_set=
ac_cv_env_host_alias_value=
ac_cv_env_target_alias_set=
ac_cv_env_target_alias_value=
ac_cv_func_close=yes
ac_cv_func_getpid=yes
ac_cv_func_gettimeofday=yes
ac_cv_func_localeconv=yes
ac_cv_func_open=yes
ac_cv_func_read=yes
ac_cv_func_sched_yield=yes
ac_cv_func_strtoll=yes
ac_cv_header_dlfcn_h=yes
ac_cv_header_endian_h=yes
ac_cv_header_fcntl_h=yes
ac_cv_header_inttypes_h=yes
ac_cv_header_locale_h=yes
ac_cv_header_memory_h=yes
ac_cv_header_sched_h=yes
ac_cv_header_stdc=yes
ac_cv_header_stdint_h=yes
ac_cv_header_stdlib_h=yes
ac_cv_header_string_h=yes
ac_cv_header_strings_h=yes
ac_cv_header_sys_param_h=yes
ac_cv_header_sys_stat_h=yes
ac_cv_header_sys_time_h=yes
ac_cv_header_sys_types_h=yes
ac_cv_header_unistd_h=yes
ac_cv_host=x86_64-pc-linux-gnu
ac_cv_objext=o
ac_cv_path_EGREP='/bin/grep -E'
ac_cv_path_FGREP='/bin/grep -F'
ac_cv_path_GREP=/bin/grep
ac_cv_path_SED=/bin/sed
ac_cv_path_install='/usr/bin/install -c'
ac_cv_path_lt_DD=/bin/dd
ac_cv_path_mkdir=/bin/mkdir
ac_cv_prog_AWK=gawk
ac_cv_prog_CPP='gcc -E'
ac_cv_prog_ac_ct_CC=gcc
ac_cv_prog_ac_ct_MANIFEST_TOOL=mt
ac_cv_prog_ac_ct_OBJDUMP=objdump
ac_cv_prog_ac_ct_RANLIB=ranlib
ac_cv_prog_ac_ct_STRIP=strip
ac_cv_prog_cc_c89=
ac_cv_prog_cc_g=yes
ac_cv_prog_make_make_set=yes
ac_cv_type_long_long_int=yes
ac_cv_type_unsigned_long_long_int=yes
am_cv_CC_dependencies_compiler_type=gcc3
am_cv_make_support_nested_variables=yes
am_cv_prog_cc_c_o=yes
lt_cv_ar_at_file=@
lt_cv_deplibs_check_method=pass_all
lt_cv_file_magic_cmd='$MAGIC_CMD'
lt_cv_file_magic_test_file=
lt_cv_ld_reload_flag=-r
lt_cv_nm_interface='BSD nm'
lt_cv_objdir=.libs
lt_cv_path_LD=/usr/bin/ld
lt_cv_path_NM='/usr/bin/nm -B'
lt_cv_path_mainfest_tool=no
lt_cv_prog_compiler_c_o=yes
lt_cv_prog_compiler_pic='-fPIC -DPIC'
lt_cv_prog_compiler_pic_works=yes
lt_cv_prog_compiler_rtti_exceptions=no
lt_cv_prog_compiler_static_works=yes
lt_cv_prog_gnu_ld=yes
lt_cv_sharedlib_from_linklib_cmd='printf %s\n'
lt_cv_shlibpath_overrides_runpath=yes
lt_cv_sys_global_symbol_pipe='sed -n -e '\''s/^.*[	 ]\([ABCDGIRSTW][ABCDGIRSTW]*\)[	 ][	 ]*\([_A-Za-z][_A-Za-z0-9]*\)$/\1 \2 \2/p'\'' | sed '\''/ __gnu_lto/d'\'''
lt_cv_sys_global_symbol_to_c_name_address='sed -n -e '\''s/^: \(.*\) .*$/  {"\1", (void *) 0},/p'\'' -e '\''s/^[ABCDGIRSTW][ABCDGIRSTW]* .* \(.*\)$/  {"\1", (void *) \&\1},/p'\'''
lt_cv_sys_global_symbol_to_c_name_address_lib_prefix='sed -n -e '\''s/^: \(.*\) .*$/  {"\1", (void *) 0},/p'\'' -e '\''s/^[ABCDGIRSTW][ABCDGIRSTW]* .* \(lib.*\)$/  {"\1", (void *) \&\1},/p'\'' -e '\''s/^[ABCDGIRSTW][ABCDGIRSTW]* .* \(.*\)$/  {"lib\1", (void *) \&\1},/p'\'''
lt_cv_sys_global_symbol_to_cdecl='sed -n -e '\''s/^T .* \(.*\)$/extern int \1();/p'\'' -e '\''s/^[ABCDGIRSTW][ABCDGIRSTW]* .* \(.*\)$/extern char \1;/p'\'''
lt_cv_sys_global_symbol_to_import=
lt_cv_sys_max_cmd_len=1572864
lt_cv_to_host_file_cmd=func_convert_file_noop
lt_cv_to_tool_file_cmd=func_convert_file_noop
lt_cv_truncate_bin='/bin/dd bs=4096 count=1'

## ----------------- ##
## Output variables. ##
## ----------------- ##

ACLOCAL='${SHELL} /home/joshtsou/centron_test_cmd/opensource/jansson-2.7/missing aclocal-1.15'
AMDEPBACKSLASH='\'
AMDEP_FALSE='#'
AMDEP_TRUE=''
AMTAR='$${TAR-tar}'
AM_BACKSLASH='\'
AM_CFLAGS='-Wall -Wextra -Wdeclaration-after-statement'
AM_DEFAULT_V='$(AM_DEFAULT_VERBOSITY)'
AM_DEFAULT_VERBOSITY='1'
AM_V='$(V)'
AR='ar'
AUTOCONF='${SHELL} /home/joshtsou/centron_test_cmd/opensource/jansson-2.7/missing autoconf'
AUTOHEADER='${SHELL} /home/joshtsou/centron_test_cmd/opensource/jansson-2.7/missing autoheader'
AUTOMAKE='${SHELL} /home/joshtsou/centron_test_cmd/opensource/jansson-2.7/missing automake-1.15'
AWK='gawk'
CC='gcc'
CCDEPMODE='depmode=gcc3'
CFLAGS='-I/home/joshtsou/centron_test_cmd/out/include -Wall -O2'
CPP='gcc -E'
CPPFLAGS=''
CYGPATH_W='echo'
DEFS='-DHAVE_CONFIG_H'
DEPDIR='.deps'
DLLTOOL='false'
DSYMUTIL=''
DUMPBIN=''
ECHO_C=''
ECHO_N='-n'
ECHO_T=''
EGREP='/bin/grep -E'
EXEEXT=''
FGREP='/bin/grep -F'
GCC_FALSE='#'
GCC_TRUE=''
GREP='/bin/grep'
INSTALL_DATA='${INSTALL} -m 644'
INSTALL_PROGRAM='${INSTALL}'
INSTALL_SCRIPT='${INSTALL}'
INSTALL_STRIP_PROGRAM='$(install_sh) -c -s'
LD='/usr/bin/ld -m elf_x86_64'
LDFLAGS=''
LIBOBJS=''
LIBS=''
LIBTOOL='$(SHELL) $(top_builddir)/libtool'
LIPO=''
LN_S='ln -s'
LTLIBOBJS=''
LT_SYS_LIBRARY_PATH=''
MAKEINFO='${SHELL} /home/joshtsou/centron_test_cmd/opensource/jansson-2.7/missing makeinfo'
MANIFEST_TOOL=':'
MKDIR_P='/bin/mkdir -p'
NM='/usr/bin/nm -B'
NMEDIT=''
OBJDUMP='objdump'
OBJEXT='o'
OTOOL64=''
OTOOL=''
PACKAGE='jansson'
PACKAGE_BUGREPORT='petri@digip.org'
PACKAGE_NAME='jansson'
PACKAGE_STRING='jansson 2.7'
PACKAGE_TARNAME='jansson'
PACKAGE_URL=''
PACKAGE_VERSION='2.7'
PATH_SEPARATOR=':'
RANLIB='ranlib'
SED='/bin/sed'
SET_MAKE=''
SHELL='/bin/sh'
STRIP='strip'
VERSION='2.7'
ac_ct_AR=''
ac_ct_CC='gcc'
ac_ct_DUMPBIN=''
am__EXEEXT_FALSE=''
am__EXEEXT_TRUE='#'
am__fastdepCC_FALSE='#'
am__fastdepCC_TRUE=''
am__include='include'
am__isrc=''
am__leading_dot='.'
am__nodep='_no'
am__quote=''
am__tar='$${TAR-tar} chof - "$$tardir"'
am__untar='$${TAR-tar} xf -'
bindir='${exec_prefix}/bin'
build='x86_64-pc-linux-gnu'
build_alias=''
build_cpu='x86_64'
build_os='linux-gnu'
build_vendor='pc'
datadir='${datarootdir}'
datarootdir='${prefix}/share'
docdir='${datarootdir}/doc/${PACKAGE_TARNAME}'
dvidir='${docdir}'
exec_prefix='${prefix}'
host='x86_64-pc-linux-gnu'
host_alias=''
host_cpu='x86_64'
host_os='linux-gnu'
host_vendor='pc'
htmldir='${docdir}'
includedir='${prefix}/include'
infodir='${datarootdir}/info'
install_sh='${SHELL} /home/joshtsou/centron_test_cmd/opensource/jansson-2.7/install-sh'
json_have_localeconv='1'
json_have_long_long='1'
json_inline='inline'
libdir='${exec_prefix}/lib'
libexecdir='${exec_prefix}/libexec'
localedir='${datarootdir}/locale'
localstatedir='${prefix}/var'
mandir='${datarootdir}/man'
mkdir_p='$(MKDIR_P)'
oldincludedir='/usr/include'
pdfdir='${docdir}'
prefix='/home/joshtsou/centron_test_cmd/out'
program_transform_name='s,x,x,'
psdir='${docdir}'
runstatedir='${localstatedir}/run'
sbindir='${exec_prefix}/sbin'
sharedstatedir='${prefix}/com'
sysconfdir='${prefix}/etc'
target_alias=''

## ----------- ##
## confdefs.h. ##
## ----------- ##

/* confdefs.h */
#define PACKAGE_NAME "jansson"
#define PACKAGE_TARNAME "jansson"
#define PACKAGE_VERSION "2.7"
#define PACKAGE_STRING "jansson 2.7"
#define PACKAGE_BUGREPORT "petri@digip.org"
#define PACKAGE_URL ""
#define PACKAGE "jansson"
#define VERSION "2.7"
#define STDC_HEADERS 1
#define HAVE_SYS_TYPES_H 1
#define HAVE_SYS_STAT_H 1
#define HAVE_STDLIB_H 1
#define HAVE_STRING_H 1
#define HAVE_MEMORY_H 1
#define HAVE_STRINGS_H 1
#define HAVE_INTTYPES_H 1
#define HAVE_STDINT_H 1
#define HAVE_UNISTD_H 1
#define HAVE_DLFCN_H 1
#define LT_OBJDIR ".libs/"
#define HAVE_ENDIAN_H 1
#define HAVE_FCNTL_H 1
#define HAVE_LOCALE_H 1
#define HAVE_SCHED_H 1
#define HAVE_UNISTD_H 1
#define HAVE_SYS_PARAM_H 1
#define HAVE_SYS_STAT_H 1
#define HAVE_SYS_TIME_H 1
#define HAVE_SYS_TYPES_H 1
#define HAVE_UNSIGNED_LONG_LONG_INT 1
#define HAVE_LONG_LONG_INT 1
#define HAVE_CLOSE 1
#define HAVE_GETPID 1
#define HAVE_GETTIMEOFDAY 1
#define HAVE_LOCALECONV 1
#define HAVE_OPEN 1
#define HAVE_READ 1
#define HAVE_SCHED_YIELD 1
#define HAVE_STRTOLL 1
#define HAVE_SYNC_BUILTINS 1
#define HAVE_ATOMIC_BUILTINS 1
#define USE_URANDOM 1
#define USE_WINDOWS_CRYPTOAPI 1

configure: exit 0
