This file contains any messages produced by compilers while
running configure, to aid debugging if configure makes a mistake.

It was created by libev configure 4.33, which was
generated by GNU Autoconf 2.69.  Invocation command line was

  $ ./configure --host=aarch64-ca53-linux-gnu --prefix=/home/joshtsou/centron_test_dut/out --enable-static=yes --disable-shared

## --------- ##
## Platform. ##
## --------- ##

hostname = joshtsou
uname -m = x86_64
uname -r = 6.8.0-52-generic
uname -s = Linux
uname -v = #53~22.04.1-Ubuntu SMP PREEMPT_DYNAMIC Wed Jan 15 19:18:46 UTC 2

/usr/bin/uname -p = x86_64
/bin/uname -X     = unknown

/bin/arch              = x86_64
/usr/bin/arch -k       = unknown
/usr/convex/getsysinfo = unknown
/usr/bin/hostinfo      = unknown
/bin/machine           = unknown
/usr/bin/oslevel       = unknown
/bin/universe          = unknown

PATH: /usr/local/sbin
PATH: /usr/local/bin
PATH: /usr/sbin
PATH: /usr/bin
PATH: /sbin
PATH: /bin
PATH: /usr/games
PATH: /usr/local/games
PATH: /snap/bin


## ----------- ##
## Core tests. ##
## ----------- ##

configure:2328: checking for a BSD-compatible install
configure:2396: result: /usr/bin/install -c
configure:2407: checking whether build environment is sane
configure:2462: result: yes
configure:2521: checking for aarch64-ca53-linux-gnu-strip
configure:2548: result: /opt/aarch64-ca53-linux-gnueabihf-8.4.01/usr/bin/aarch64-ca53-linux-gnu-strip
configure:2613: checking for a thread-safe mkdir -p
configure:2652: result: /usr/bin/mkdir -p
configure:2659: checking for gawk
configure:2689: result: no
configure:2659: checking for mawk
configure:2675: found /usr/bin/mawk
configure:2686: result: mawk
configure:2697: checking whether make sets $(MAKE)
configure:2719: result: yes
configure:2748: checking whether make supports nested variables
configure:2765: result: yes
configure:2895: checking whether to enable maintainer-specific portions of Makefiles
configure:2904: result: no
configure:2926: checking for aarch64-ca53-linux-gnu-gcc
configure:2953: result: /opt/aarch64-ca53-linux-gnueabihf-8.4.01/usr/bin/aarch64-ca53-linux-gnu-gcc
configure:3222: checking for C compiler version
configure:3231: /opt/aarch64-ca53-linux-gnueabihf-8.4.01/usr/bin/aarch64-ca53-linux-gnu-gcc --version >&5
aarch64-ca53-linux-gnu-gcc.br_real (Buildroot 2020.02.9-23-g81e333f) 8.4.0
Copyright (C) 2018 Free Software Foundation, Inc.
This is free software; see the source for copying conditions.  There is NO
warranty; not even for MERCHANTABILITY or FITNESS FOR A PARTICULAR PURPOSE.

configure:3242: $? = 0
configure:3231: /opt/aarch64-ca53-linux-gnueabihf-8.4.01/usr/bin/aarch64-ca53-linux-gnu-gcc -v >&5
Using built-in specs.
COLLECT_GCC=/opt/aarch64-ca53-linux-gnueabihf-8.4.01/bin/aarch64-ca53-linux-gnu-gcc.br_real
COLLECT_LTO_WRAPPER=/opt/aarch64-ca53-linux-gnueabihf-8.4.01/bin/../libexec/gcc/aarch64-ca53-linux-gnu/8.4.0/lto-wrapper
Target: aarch64-ca53-linux-gnu
Configured with: ./configure --prefix=/home/ivotpsw/Work/opensource/buildroot/output/aarch64-ca53-linux-gnueabihf-8.4.01 --sysconfdir=/home/ivotpsw/Work/opensource/buildroot/output/aarch64-ca53-linux-gnueabihf-8.4.01/etc --enable-static --target=aarch64-ca53-linux-gnu --with-sysroot=/home/ivotpsw/Work/opensource/buildroot/output/aarch64-ca53-linux-gnueabihf-8.4.01/aarch64-ca53-linux-gnu/sysroot --enable-__cxa_atexit --with-gnu-ld --disable-multilib --disable-decimal-float --with-gmp=/home/ivotpsw/Work/opensource/buildroot/output/aarch64-ca53-linux-gnueabihf-8.4.01 --with-mpc=/home/ivotpsw/Work/opensource/buildroot/output/aarch64-ca53-linux-gnueabihf-8.4.01 --with-mpfr=/home/ivotpsw/Work/opensource/buildroot/output/aarch64-ca53-linux-gnueabihf-8.4.01 --with-pkgversion='Buildroot 2020.02.9-23-g81e333f' --with-bugurl=http://bugs.buildroot.net/ --disable-libquadmath --disable-libquadmath-support --enable-tls --enable-threads --without-isl --without-cloog --with-abi=lp64 --with-cpu=cortex-a53 --enable-languages=c,c++ --with-build-time-tools=/home/ivotpsw/Work/opensource/buildroot/output/aarch64-ca53-linux-gnueabihf-8.4.01/aarch64-ca53-linux-gnu/bin --enable-shared --disable-libgomp
Thread model: posix
gcc version 8.4.0 (Buildroot 2020.02.9-23-g81e333f) 
configure:3242: $? = 0
configure:3231: /opt/aarch64-ca53-linux-gnueabihf-8.4.01/usr/bin/aarch64-ca53-linux-gnu-gcc -V >&5
aarch64-ca53-linux-gnu-gcc.br_real: error: unrecognized command line option '-V'
aarch64-ca53-linux-gnu-gcc.br_real: fatal error: no input files
compilation terminated.
configure:3242: $? = 1
configure:3231: /opt/aarch64-ca53-linux-gnueabihf-8.4.01/usr/bin/aarch64-ca53-linux-gnu-gcc -qversion >&5
aarch64-ca53-linux-gnu-gcc.br_real: error: unrecognized command line option '-qversion'; did you mean '--version'?
aarch64-ca53-linux-gnu-gcc.br_real: fatal error: no input files
compilation terminated.
configure:3242: $? = 1
configure:3262: checking whether the C compiler works
configure:3284: /opt/aarch64-ca53-linux-gnueabihf-8.4.01/usr/bin/aarch64-ca53-linux-gnu-gcc -I/home/joshtsou/centron_test_dut/out/include -Wall -O2   conftest.c  >&5
configure:3288: $? = 0
configure:3336: result: yes
configure:3339: checking for C compiler default output file name
configure:3341: result: a.out
configure:3347: checking for suffix of executables
configure:3354: /opt/aarch64-ca53-linux-gnueabihf-8.4.01/usr/bin/aarch64-ca53-linux-gnu-gcc -o conftest -I/home/joshtsou/centron_test_dut/out/include -Wall -O2   conftest.c  >&5
configure:3358: $? = 0
configure:3380: result: 
configure:3402: checking whether we are cross compiling
configure:3410: /opt/aarch64-ca53-linux-gnueabihf-8.4.01/usr/bin/aarch64-ca53-linux-gnu-gcc -o conftest -I/home/joshtsou/centron_test_dut/out/include -Wall -O2   conftest.c  >&5
configure:3414: $? = 0
configure:3421: ./conftest
./configure: line 3423: ./conftest: cannot execute binary file: Exec format error
configure:3425: $? = 126
configure:3440: result: yes
configure:3445: checking for suffix of object files
configure:3467: /opt/aarch64-ca53-linux-gnueabihf-8.4.01/usr/bin/aarch64-ca53-linux-gnu-gcc -c -I/home/joshtsou/centron_test_dut/out/include -Wall -O2  conftest.c >&5
configure:3471: $? = 0
configure:3492: result: o
configure:3496: checking whether we are using the GNU C compiler
configure:3515: /opt/aarch64-ca53-linux-gnueabihf-8.4.01/usr/bin/aarch64-ca53-linux-gnu-gcc -c -I/home/joshtsou/centron_test_dut/out/include -Wall -O2  conftest.c >&5
configure:3515: $? = 0
configure:3524: result: yes
configure:3533: checking whether /opt/aarch64-ca53-linux-gnueabihf-8.4.01/usr/bin/aarch64-ca53-linux-gnu-gcc accepts -g
configure:3553: /opt/aarch64-ca53-linux-gnueabihf-8.4.01/usr/bin/aarch64-ca53-linux-gnu-gcc -c -g  conftest.c >&5
configure:3553: $? = 0
configure:3594: result: yes
configure:3611: checking for /opt/aarch64-ca53-linux-gnueabihf-8.4.01/usr/bin/aarch64-ca53-linux-gnu-gcc option to accept ISO C89
configure:3674: /opt/aarch64-ca53-linux-gnueabihf-8.4.01/usr/bin/aarch64-ca53-linux-gnu-gcc  -c -I/home/joshtsou/centron_test_dut/out/include -Wall -O2  conftest.c >&5
configure:3674: $? = 0
configure:3687: result: none needed
configure:3712: checking whether /opt/aarch64-ca53-linux-gnueabihf-8.4.01/usr/bin/aarch64-ca53-linux-gnu-gcc understands -c and -o together
configure:3734: /opt/aarch64-ca53-linux-gnueabihf-8.4.01/usr/bin/aarch64-ca53-linux-gnu-gcc -c conftest.c -o conftest2.o
configure:3737: $? = 0
configure:3734: /opt/aarch64-ca53-linux-gnueabihf-8.4.01/usr/bin/aarch64-ca53-linux-gnu-gcc -c conftest.c -o conftest2.o
configure:3737: $? = 0
configure:3749: result: yes
configure:3769: checking whether make supports the include directive
configure:3784: make -f confmf.GNU && cat confinc.out
make[2]: Entering directory '/home/joshtsou/centron_test_dut/opensource/libev-4.33'
make[2]: Leaving directory '/home/joshtsou/centron_test_dut/opensource/libev-4.33'
this is the am__doit target
configure:3787: $? = 0
configure:3806: result: yes (GNU style)
configure:3831: checking dependency style of /opt/aarch64-ca53-linux-gnueabihf-8.4.01/usr/bin/aarch64-ca53-linux-gnu-gcc
configure:3942: result: gcc3
configure:3994: checking build system type
configure:4008: result: x86_64-pc-linux-gnu
configure:4028: checking host system type
configure:4041: result: aarch64-ca53-linux-gnu
configure:4082: checking how to print strings
configure:4109: result: printf
configure:4130: checking for a sed that does not truncate output
configure:4194: result: /usr/bin/sed
configure:4212: checking for grep that handles long lines and -e
configure:4270: result: /usr/bin/grep
configure:4275: checking for egrep
configure:4337: result: /usr/bin/grep -E
configure:4342: checking for fgrep
configure:4404: result: /usr/bin/grep -F
configure:4439: checking for ld used by /opt/aarch64-ca53-linux-gnueabihf-8.4.01/usr/bin/aarch64-ca53-linux-gnu-gcc
configure:4506: result: /opt/aarch64-ca53-linux-gnueabihf-8.4.01/usr/bin/aarch64-ca53-linux-gnu-ld
configure:4513: checking if the linker (/opt/aarch64-ca53-linux-gnueabihf-8.4.01/usr/bin/aarch64-ca53-linux-gnu-ld) is GNU ld
configure:4528: result: yes
configure:4540: checking for BSD- or MS-compatible name lister (nm)
configure:4594: result: no
configure:4608: checking for aarch64-ca53-linux-gnu-dumpbin
configure:4638: result: no
configure:4608: checking for aarch64-ca53-linux-gnu-link
configure:4638: result: no
configure:4652: checking for dumpbin
configure:4682: result: no
configure:4652: checking for link
configure:4668: found /usr/bin/link
configure:4679: result: link -dump
configure:4695: WARNING: using cross tools not prefixed with host triplet
configure:4724: checking the name lister (nm) interface
configure:4731: /opt/aarch64-ca53-linux-gnueabihf-8.4.01/usr/bin/aarch64-ca53-linux-gnu-gcc -c -I/home/joshtsou/centron_test_dut/out/include -Wall -O2  conftest.c >&5
configure:4734: nm "conftest.o"
configure:4737: output
0000000000000000 b $d
0000000000000000 B some_variable
configure:4744: result: BSD nm
configure:4747: checking whether ln -s works
configure:4751: result: yes
configure:4759: checking the maximum length of command line arguments
configure:4890: result: 1572864
configure:4938: checking how to convert x86_64-pc-linux-gnu file names to aarch64-ca53-linux-gnu format
configure:4978: result: func_convert_file_noop
configure:4985: checking how to convert x86_64-pc-linux-gnu file names to toolchain format
configure:5005: result: func_convert_file_noop
configure:5012: checking for /opt/aarch64-ca53-linux-gnueabihf-8.4.01/usr/bin/aarch64-ca53-linux-gnu-ld option to reload object files
configure:5019: result: -r
configure:5053: checking for aarch64-ca53-linux-gnu-objdump
configure:5083: result: no
configure:5093: checking for objdump
configure:5109: found /usr/bin/objdump
configure:5120: result: objdump
configure:5152: checking how to recognize dependent libraries
configure:5352: result: pass_all
configure:5397: checking for aarch64-ca53-linux-gnu-dlltool
configure:5427: result: no
configure:5437: checking for dlltool
configure:5467: result: no
configure:5497: checking how to associate runtime and link libraries
configure:5524: result: printf %s\n
configure:5541: checking for aarch64-ca53-linux-gnu-ar
configure:5568: result: /opt/aarch64-ca53-linux-gnueabihf-8.4.01/usr/bin/aarch64-ca53-linux-gnu-ar
configure:5649: checking for archiver @FILE support
configure:5666: /opt/aarch64-ca53-linux-gnueabihf-8.4.01/usr/bin/aarch64-ca53-linux-gnu-gcc -c -I/home/joshtsou/centron_test_dut/out/include -Wall -O2  conftest.c >&5
configure:5666: $? = 0
configure:5669: /opt/aarch64-ca53-linux-gnueabihf-8.4.01/usr/bin/aarch64-ca53-linux-gnu-ar cru libconftest.a @conftest.lst >&5
configure:5672: $? = 0
configure:5677: /opt/aarch64-ca53-linux-gnueabihf-8.4.01/usr/bin/aarch64-ca53-linux-gnu-ar cru libconftest.a @conftest.lst >&5
/opt/aarch64-ca53-linux-gnueabihf-8.4.01/usr/bin/aarch64-ca53-linux-gnu-ar: conftest.o: No such file or directory
configure:5680: $? = 1
configure:5692: result: @
configure:5710: checking for aarch64-ca53-linux-gnu-strip
configure:5737: result: /opt/aarch64-ca53-linux-gnueabihf-8.4.01/usr/bin/aarch64-ca53-linux-gnu-strip
configure:5809: checking for aarch64-ca53-linux-gnu-ranlib
configure:5836: result: /opt/aarch64-ca53-linux-gnueabihf-8.4.01/usr/bin/aarch64-ca53-linux-gnu-ranlib
configure:5978: checking command to parse nm output from /opt/aarch64-ca53-linux-gnueabihf-8.4.01/usr/bin/aarch64-ca53-linux-gnu-gcc object
configure:6131: /opt/aarch64-ca53-linux-gnueabihf-8.4.01/usr/bin/aarch64-ca53-linux-gnu-gcc -c -I/home/joshtsou/centron_test_dut/out/include -Wall -O2  conftest.c >&5
configure:6134: $? = 0
configure:6138: nm conftest.o | sed -n -e 's/^.*[	 ]\([ABCDGIRSTW][ABCDGIRSTW]*\)[	 ][	 ]*\([_A-Za-z][_A-Za-z0-9]*\)$/\1 \2 \2/p' | sed '/ __gnu_lto/d' > conftest.nm
configure:6204: /opt/aarch64-ca53-linux-gnueabihf-8.4.01/usr/bin/aarch64-ca53-linux-gnu-gcc -o conftest -I/home/joshtsou/centron_test_dut/out/include -Wall -O2   conftest.c conftstm.o >&5
configure:6207: $? = 0
configure:6245: result: ok
configure:6292: checking for sysroot
configure:6322: result: no
configure:6329: checking for a working dd
configure:6367: result: /usr/bin/dd
configure:6371: checking how to truncate binary pipes
configure:6386: result: /usr/bin/dd bs=4096 count=1
configure:6675: checking for aarch64-ca53-linux-gnu-mt
configure:6705: result: no
configure:6715: checking for mt
configure:6731: found /usr/bin/mt
configure:6742: result: mt
configure:6765: checking if mt is a manifest tool
configure:6771: mt '-?'
configure:6779: result: no
configure:7456: checking how to run the C preprocessor
configure:7487: /opt/aarch64-ca53-linux-gnueabihf-8.4.01/usr/bin/aarch64-ca53-linux-gnu-gcc -E  conftest.c
configure:7487: $? = 0
configure:7501: /opt/aarch64-ca53-linux-gnueabihf-8.4.01/usr/bin/aarch64-ca53-linux-gnu-gcc -E  conftest.c
conftest.c:11:10: fatal error: ac_nonexistent.h: No such file or directory
 #include <ac_nonexistent.h>
          ^~~~~~~~~~~~~~~~~~
compilation terminated.
configure:7501: $? = 1
configure: failed program was:
| /* confdefs.h */
| #define PACKAGE_NAME "libev"
| #define PACKAGE_TARNAME "libev"
| #define PACKAGE_VERSION "4.33"
| #define PACKAGE_STRING "libev 4.33"
| #define PACKAGE_BUGREPORT ""
| #define PACKAGE_URL ""
| #define PACKAGE "libev"
| #define VERSION "4.33"
| /* end confdefs.h.  */
| #include <ac_nonexistent.h>
configure:7526: result: /opt/aarch64-ca53-linux-gnueabihf-8.4.01/usr/bin/aarch64-ca53-linux-gnu-gcc -E
configure:7546: /opt/aarch64-ca53-linux-gnueabihf-8.4.01/usr/bin/aarch64-ca53-linux-gnu-gcc -E  conftest.c
configure:7546: $? = 0
configure:7560: /opt/aarch64-ca53-linux-gnueabihf-8.4.01/usr/bin/aarch64-ca53-linux-gnu-gcc -E  conftest.c
conftest.c:11:10: fatal error: ac_nonexistent.h: No such file or directory
 #include <ac_nonexistent.h>
          ^~~~~~~~~~~~~~~~~~
compilation terminated.
configure:7560: $? = 1
configure: failed program was:
| /* confdefs.h */
| #define PACKAGE_NAME "libev"
| #define PACKAGE_TARNAME "libev"
| #define PACKAGE_VERSION "4.33"
| #define PACKAGE_STRING "libev 4.33"
| #define PACKAGE_BUGREPORT ""
| #define PACKAGE_URL ""
| #define PACKAGE "libev"
| #define VERSION "4.33"
| /* end confdefs.h.  */
| #include <ac_nonexistent.h>
configure:7589: checking for ANSI C header files
configure:7609: /opt/aarch64-ca53-linux-gnueabihf-8.4.01/usr/bin/aarch64-ca53-linux-gnu-gcc -c -I/home/joshtsou/centron_test_dut/out/include -Wall -O2  conftest.c >&5
configure:7609: $? = 0
configure:7693: result: yes
configure:7706: checking for sys/types.h
configure:7706: /opt/aarch64-ca53-linux-gnueabihf-8.4.01/usr/bin/aarch64-ca53-linux-gnu-gcc -c -I/home/joshtsou/centron_test_dut/out/include -Wall -O2  conftest.c >&5
configure:7706: $? = 0
configure:7706: result: yes
configure:7706: checking for sys/stat.h
configure:7706: /opt/aarch64-ca53-linux-gnueabihf-8.4.01/usr/bin/aarch64-ca53-linux-gnu-gcc -c -I/home/joshtsou/centron_test_dut/out/include -Wall -O2  conftest.c >&5
configure:7706: $? = 0
configure:7706: result: yes
configure:7706: checking for stdlib.h
configure:7706: /opt/aarch64-ca53-linux-gnueabihf-8.4.01/usr/bin/aarch64-ca53-linux-gnu-gcc -c -I/home/joshtsou/centron_test_dut/out/include -Wall -O2  conftest.c >&5
configure:7706: $? = 0
configure:7706: result: yes
configure:7706: checking for string.h
configure:7706: /opt/aarch64-ca53-linux-gnueabihf-8.4.01/usr/bin/aarch64-ca53-linux-gnu-gcc -c -I/home/joshtsou/centron_test_dut/out/include -Wall -O2  conftest.c >&5
configure:7706: $? = 0
configure:7706: result: yes
configure:7706: checking for memory.h
configure:7706: /opt/aarch64-ca53-linux-gnueabihf-8.4.01/usr/bin/aarch64-ca53-linux-gnu-gcc -c -I/home/joshtsou/centron_test_dut/out/include -Wall -O2  conftest.c >&5
configure:7706: $? = 0
configure:7706: result: yes
configure:7706: checking for strings.h
configure:7706: /opt/aarch64-ca53-linux-gnueabihf-8.4.01/usr/bin/aarch64-ca53-linux-gnu-gcc -c -I/home/joshtsou/centron_test_dut/out/include -Wall -O2  conftest.c >&5
configure:7706: $? = 0
configure:7706: result: yes
configure:7706: checking for inttypes.h
configure:7706: /opt/aarch64-ca53-linux-gnueabihf-8.4.01/usr/bin/aarch64-ca53-linux-gnu-gcc -c -I/home/joshtsou/centron_test_dut/out/include -Wall -O2  conftest.c >&5
configure:7706: $? = 0
configure:7706: result: yes
configure:7706: checking for stdint.h
configure:7706: /opt/aarch64-ca53-linux-gnueabihf-8.4.01/usr/bin/aarch64-ca53-linux-gnu-gcc -c -I/home/joshtsou/centron_test_dut/out/include -Wall -O2  conftest.c >&5
configure:7706: $? = 0
configure:7706: result: yes
configure:7706: checking for unistd.h
configure:7706: /opt/aarch64-ca53-linux-gnueabihf-8.4.01/usr/bin/aarch64-ca53-linux-gnu-gcc -c -I/home/joshtsou/centron_test_dut/out/include -Wall -O2  conftest.c >&5
configure:7706: $? = 0
configure:7706: result: yes
configure:7720: checking for dlfcn.h
configure:7720: /opt/aarch64-ca53-linux-gnueabihf-8.4.01/usr/bin/aarch64-ca53-linux-gnu-gcc -c -I/home/joshtsou/centron_test_dut/out/include -Wall -O2  conftest.c >&5
configure:7720: $? = 0
configure:7720: result: yes
configure:7976: checking for objdir
configure:7991: result: .libs
configure:8251: checking if /opt/aarch64-ca53-linux-gnueabihf-8.4.01/usr/bin/aarch64-ca53-linux-gnu-gcc supports -fno-rtti -fno-exceptions
configure:8269: /opt/aarch64-ca53-linux-gnueabihf-8.4.01/usr/bin/aarch64-ca53-linux-gnu-gcc -c -I/home/joshtsou/centron_test_dut/out/include -Wall -O2  -fno-rtti -fno-exceptions conftest.c >&5
cc1: warning: command line option '-fno-rtti' is valid for C++/ObjC++ but not for C
configure:8273: $? = 0
configure:8286: result: no
configure:8644: checking for /opt/aarch64-ca53-linux-gnueabihf-8.4.01/usr/bin/aarch64-ca53-linux-gnu-gcc option to produce PIC
configure:8651: result: -fPIC -DPIC
configure:8659: checking if /opt/aarch64-ca53-linux-gnueabihf-8.4.01/usr/bin/aarch64-ca53-linux-gnu-gcc PIC flag -fPIC -DPIC works
configure:8677: /opt/aarch64-ca53-linux-gnueabihf-8.4.01/usr/bin/aarch64-ca53-linux-gnu-gcc -c -I/home/joshtsou/centron_test_dut/out/include -Wall -O2  -fPIC -DPIC -DPIC conftest.c >&5
configure:8681: $? = 0
configure:8694: result: yes
configure:8723: checking if /opt/aarch64-ca53-linux-gnueabihf-8.4.01/usr/bin/aarch64-ca53-linux-gnu-gcc static flag -static works
configure:8751: result: yes
configure:8766: checking if /opt/aarch64-ca53-linux-gnueabihf-8.4.01/usr/bin/aarch64-ca53-linux-gnu-gcc supports -c -o file.o
configure:8787: /opt/aarch64-ca53-linux-gnueabihf-8.4.01/usr/bin/aarch64-ca53-linux-gnu-gcc -c -I/home/joshtsou/centron_test_dut/out/include -Wall -O2  -o out/conftest2.o conftest.c >&5
configure:8791: $? = 0
configure:8813: result: yes
configure:8821: checking if /opt/aarch64-ca53-linux-gnueabihf-8.4.01/usr/bin/aarch64-ca53-linux-gnu-gcc supports -c -o file.o
configure:8868: result: yes
configure:8901: checking whether the /opt/aarch64-ca53-linux-gnueabihf-8.4.01/usr/bin/aarch64-ca53-linux-gnu-gcc linker (/opt/aarch64-ca53-linux-gnueabihf-8.4.01/usr/bin/aarch64-ca53-linux-gnu-ld) supports shared libraries
configure:10164: result: yes
configure:10404: checking dynamic linker characteristics
configure:10985: /opt/aarch64-ca53-linux-gnueabihf-8.4.01/usr/bin/aarch64-ca53-linux-gnu-gcc -o conftest -I/home/joshtsou/centron_test_dut/out/include -Wall -O2   -Wl,-rpath -Wl,/foo conftest.c  >&5
configure:10985: $? = 0
configure:11234: result: GNU/Linux ld.so
configure:11356: checking how to hardcode library paths into programs
configure:11381: result: immediate
configure:11929: checking whether stripping libraries is possible
configure:11934: result: yes
configure:11969: checking if libtool supports shared libraries
configure:11971: result: yes
configure:11974: checking whether to build shared libraries
configure:11999: result: no
configure:12002: checking whether to build static libraries
configure:12006: result: yes
configure:12048: checking sys/inotify.h usability
configure:12048: /opt/aarch64-ca53-linux-gnueabihf-8.4.01/usr/bin/aarch64-ca53-linux-gnu-gcc -c -I/home/joshtsou/centron_test_dut/out/include -Wall -O2  conftest.c >&5
configure:12048: $? = 0
configure:12048: result: yes
configure:12048: checking sys/inotify.h presence
configure:12048: /opt/aarch64-ca53-linux-gnueabihf-8.4.01/usr/bin/aarch64-ca53-linux-gnu-gcc -E  conftest.c
configure:12048: $? = 0
configure:12048: result: yes
configure:12048: checking for sys/inotify.h
configure:12048: result: yes
configure:12048: checking sys/epoll.h usability
configure:12048: /opt/aarch64-ca53-linux-gnueabihf-8.4.01/usr/bin/aarch64-ca53-linux-gnu-gcc -c -I/home/joshtsou/centron_test_dut/out/include -Wall -O2  conftest.c >&5
configure:12048: $? = 0
configure:12048: result: yes
configure:12048: checking sys/epoll.h presence
configure:12048: /opt/aarch64-ca53-linux-gnueabihf-8.4.01/usr/bin/aarch64-ca53-linux-gnu-gcc -E  conftest.c
configure:12048: $? = 0
configure:12048: result: yes
configure:12048: checking for sys/epoll.h
configure:12048: result: yes
configure:12048: checking sys/event.h usability
configure:12048: /opt/aarch64-ca53-linux-gnueabihf-8.4.01/usr/bin/aarch64-ca53-linux-gnu-gcc -c -I/home/joshtsou/centron_test_dut/out/include -Wall -O2  conftest.c >&5
conftest.c:58:10: fatal error: sys/event.h: No such file or directory
 #include <sys/event.h>
          ^~~~~~~~~~~~~
compilation terminated.
configure:12048: $? = 1
configure: failed program was:
| /* confdefs.h */
| #define PACKAGE_NAME "libev"
| #define PACKAGE_TARNAME "libev"
| #define PACKAGE_VERSION "4.33"
| #define PACKAGE_STRING "libev 4.33"
| #define PACKAGE_BUGREPORT ""
| #define PACKAGE_URL ""
| #define PACKAGE "libev"
| #define VERSION "4.33"
| #define STDC_HEADERS 1
| #define HAVE_SYS_TYPES_H 1
| #define HAVE_SYS_STAT_H 1
| #define HAVE_STDLIB_H 1
| #define HAVE_STRING_H 1
| #define HAVE_MEMORY_H 1
| #define HAVE_STRINGS_H 1
| #define HAVE_INTTYPES_H 1
| #define HAVE_STDINT_H 1
| #define HAVE_UNISTD_H 1
| #define HAVE_DLFCN_H 1
| #define LT_OBJDIR ".libs/"
| #define HAVE_SYS_INOTIFY_H 1
| #define HAVE_SYS_EPOLL_H 1
| /* end confdefs.h.  */
| #include <stdio.h>
| #ifdef HAVE_SYS_TYPES_H
| # include <sys/types.h>
| #endif
| #ifdef HAVE_SYS_STAT_H
| # include <sys/stat.h>
| #endif
| #ifdef STDC_HEADERS
| # include <stdlib.h>
| # include <stddef.h>
| #else
| # ifdef HAVE_STDLIB_H
| #  include <stdlib.h>
| # endif
| #endif
| #ifdef HAVE_STRING_H
| # if !defined STDC_HEADERS && defined HAVE_MEMORY_H
| #  include <memory.h>
| # endif
| # include <string.h>
| #endif
| #ifdef HAVE_STRINGS_H
| # include <strings.h>
| #endif
| #ifdef HAVE_INTTYPES_H
| # include <inttypes.h>
| #endif
| #ifdef HAVE_STDINT_H
| # include <stdint.h>
| #endif
| #ifdef HAVE_UNISTD_H
| # include <unistd.h>
| #endif
| #include <sys/event.h>
configure:12048: result: no
configure:12048: checking sys/event.h presence
configure:12048: /opt/aarch64-ca53-linux-gnueabihf-8.4.01/usr/bin/aarch64-ca53-linux-gnu-gcc -E  conftest.c
conftest.c:25:10: fatal error: sys/event.h: No such file or directory
 #include <sys/event.h>
          ^~~~~~~~~~~~~
compilation terminated.
configure:12048: $? = 1
configure: failed program was:
| /* confdefs.h */
| #define PACKAGE_NAME "libev"
| #define PACKAGE_TARNAME "libev"
| #define PACKAGE_VERSION "4.33"
| #define PACKAGE_STRING "libev 4.33"
| #define PACKAGE_BUGREPORT ""
| #define PACKAGE_URL ""
| #define PACKAGE "libev"
| #define VERSION "4.33"
| #define STDC_HEADERS 1
| #define HAVE_SYS_TYPES_H 1
| #define HAVE_SYS_STAT_H 1
| #define HAVE_STDLIB_H 1
| #define HAVE_STRING_H 1
| #define HAVE_MEMORY_H 1
| #define HAVE_STRINGS_H 1
| #define HAVE_INTTYPES_H 1
| #define HAVE_STDINT_H 1
| #define HAVE_UNISTD_H 1
| #define HAVE_DLFCN_H 1
| #define LT_OBJDIR ".libs/"
| #define HAVE_SYS_INOTIFY_H 1
| #define HAVE_SYS_EPOLL_H 1
| /* end confdefs.h.  */
| #include <sys/event.h>
configure:12048: result: no
configure:12048: checking for sys/event.h
configure:12048: result: no
configure:12048: checking port.h usability
configure:12048: /opt/aarch64-ca53-linux-gnueabihf-8.4.01/usr/bin/aarch64-ca53-linux-gnu-gcc -c -I/home/joshtsou/centron_test_dut/out/include -Wall -O2  conftest.c >&5
conftest.c:58:10: fatal error: port.h: No such file or directory
 #include <port.h>
          ^~~~~~~~
compilation terminated.
configure:12048: $? = 1
configure: failed program was:
| /* confdefs.h */
| #define PACKAGE_NAME "libev"
| #define PACKAGE_TARNAME "libev"
| #define PACKAGE_VERSION "4.33"
| #define PACKAGE_STRING "libev 4.33"
| #define PACKAGE_BUGREPORT ""
| #define PACKAGE_URL ""
| #define PACKAGE "libev"
| #define VERSION "4.33"
| #define STDC_HEADERS 1
| #define HAVE_SYS_TYPES_H 1
| #define HAVE_SYS_STAT_H 1
| #define HAVE_STDLIB_H 1
| #define HAVE_STRING_H 1
| #define HAVE_MEMORY_H 1
| #define HAVE_STRINGS_H 1
| #define HAVE_INTTYPES_H 1
| #define HAVE_STDINT_H 1
| #define HAVE_UNISTD_H 1
| #define HAVE_DLFCN_H 1
| #define LT_OBJDIR ".libs/"
| #define HAVE_SYS_INOTIFY_H 1
| #define HAVE_SYS_EPOLL_H 1
| /* end confdefs.h.  */
| #include <stdio.h>
| #ifdef HAVE_SYS_TYPES_H
| # include <sys/types.h>
| #endif
| #ifdef HAVE_SYS_STAT_H
| # include <sys/stat.h>
| #endif
| #ifdef STDC_HEADERS
| # include <stdlib.h>
| # include <stddef.h>
| #else
| # ifdef HAVE_STDLIB_H
| #  include <stdlib.h>
| # endif
| #endif
| #ifdef HAVE_STRING_H
| # if !defined STDC_HEADERS && defined HAVE_MEMORY_H
| #  include <memory.h>
| # endif
| # include <string.h>
| #endif
| #ifdef HAVE_STRINGS_H
| # include <strings.h>
| #endif
| #ifdef HAVE_INTTYPES_H
| # include <inttypes.h>
| #endif
| #ifdef HAVE_STDINT_H
| # include <stdint.h>
| #endif
| #ifdef HAVE_UNISTD_H
| # include <unistd.h>
| #endif
| #include <port.h>
configure:12048: result: no
configure:12048: checking port.h presence
configure:12048: /opt/aarch64-ca53-linux-gnueabihf-8.4.01/usr/bin/aarch64-ca53-linux-gnu-gcc -E  conftest.c
conftest.c:25:10: fatal error: port.h: No such file or directory
 #include <port.h>
          ^~~~~~~~
compilation terminated.
configure:12048: $? = 1
configure: failed program was:
| /* confdefs.h */
| #define PACKAGE_NAME "libev"
| #define PACKAGE_TARNAME "libev"
| #define PACKAGE_VERSION "4.33"
| #define PACKAGE_STRING "libev 4.33"
| #define PACKAGE_BUGREPORT ""
| #define PACKAGE_URL ""
| #define PACKAGE "libev"
| #define VERSION "4.33"
| #define STDC_HEADERS 1
| #define HAVE_SYS_TYPES_H 1
| #define HAVE_SYS_STAT_H 1
| #define HAVE_STDLIB_H 1
| #define HAVE_STRING_H 1
| #define HAVE_MEMORY_H 1
| #define HAVE_STRINGS_H 1
| #define HAVE_INTTYPES_H 1
| #define HAVE_STDINT_H 1
| #define HAVE_UNISTD_H 1
| #define HAVE_DLFCN_H 1
| #define LT_OBJDIR ".libs/"
| #define HAVE_SYS_INOTIFY_H 1
| #define HAVE_SYS_EPOLL_H 1
| /* end confdefs.h.  */
| #include <port.h>
configure:12048: result: no
configure:12048: checking for port.h
configure:12048: result: no
configure:12048: checking poll.h usability
configure:12048: /opt/aarch64-ca53-linux-gnueabihf-8.4.01/usr/bin/aarch64-ca53-linux-gnu-gcc -c -I/home/joshtsou/centron_test_dut/out/include -Wall -O2  conftest.c >&5
configure:12048: $? = 0
configure:12048: result: yes
configure:12048: checking poll.h presence
configure:12048: /opt/aarch64-ca53-linux-gnueabihf-8.4.01/usr/bin/aarch64-ca53-linux-gnu-gcc -E  conftest.c
configure:12048: $? = 0
configure:12048: result: yes
configure:12048: checking for poll.h
configure:12048: result: yes
configure:12048: checking sys/timerfd.h usability
configure:12048: /opt/aarch64-ca53-linux-gnueabihf-8.4.01/usr/bin/aarch64-ca53-linux-gnu-gcc -c -I/home/joshtsou/centron_test_dut/out/include -Wall -O2  conftest.c >&5
configure:12048: $? = 0
configure:12048: result: yes
configure:12048: checking sys/timerfd.h presence
configure:12048: /opt/aarch64-ca53-linux-gnueabihf-8.4.01/usr/bin/aarch64-ca53-linux-gnu-gcc -E  conftest.c
configure:12048: $? = 0
configure:12048: result: yes
configure:12048: checking for sys/timerfd.h
configure:12048: result: yes
configure:12061: checking sys/select.h usability
configure:12061: /opt/aarch64-ca53-linux-gnueabihf-8.4.01/usr/bin/aarch64-ca53-linux-gnu-gcc -c -I/home/joshtsou/centron_test_dut/out/include -Wall -O2  conftest.c >&5
configure:12061: $? = 0
configure:12061: result: yes
configure:12061: checking sys/select.h presence
configure:12061: /opt/aarch64-ca53-linux-gnueabihf-8.4.01/usr/bin/aarch64-ca53-linux-gnu-gcc -E  conftest.c
configure:12061: $? = 0
configure:12061: result: yes
configure:12061: checking for sys/select.h
configure:12061: result: yes
configure:12061: checking sys/eventfd.h usability
configure:12061: /opt/aarch64-ca53-linux-gnueabihf-8.4.01/usr/bin/aarch64-ca53-linux-gnu-gcc -c -I/home/joshtsou/centron_test_dut/out/include -Wall -O2  conftest.c >&5
configure:12061: $? = 0
configure:12061: result: yes
configure:12061: checking sys/eventfd.h presence
configure:12061: /opt/aarch64-ca53-linux-gnueabihf-8.4.01/usr/bin/aarch64-ca53-linux-gnu-gcc -E  conftest.c
configure:12061: $? = 0
configure:12061: result: yes
configure:12061: checking for sys/eventfd.h
configure:12061: result: yes
configure:12061: checking sys/signalfd.h usability
configure:12061: /opt/aarch64-ca53-linux-gnueabihf-8.4.01/usr/bin/aarch64-ca53-linux-gnu-gcc -c -I/home/joshtsou/centron_test_dut/out/include -Wall -O2  conftest.c >&5
configure:12061: $? = 0
configure:12061: result: yes
configure:12061: checking sys/signalfd.h presence
configure:12061: /opt/aarch64-ca53-linux-gnueabihf-8.4.01/usr/bin/aarch64-ca53-linux-gnu-gcc -E  conftest.c
configure:12061: $? = 0
configure:12061: result: yes
configure:12061: checking for sys/signalfd.h
configure:12061: result: yes
configure:12061: checking linux/aio_abi.h usability
configure:12061: /opt/aarch64-ca53-linux-gnueabihf-8.4.01/usr/bin/aarch64-ca53-linux-gnu-gcc -c -I/home/joshtsou/centron_test_dut/out/include -Wall -O2  conftest.c >&5
configure:12061: $? = 0
configure:12061: result: yes
configure:12061: checking linux/aio_abi.h presence
configure:12061: /opt/aarch64-ca53-linux-gnueabihf-8.4.01/usr/bin/aarch64-ca53-linux-gnu-gcc -E  conftest.c
configure:12061: $? = 0
configure:12061: result: yes
configure:12061: checking for linux/aio_abi.h
configure:12061: result: yes
configure:12061: checking linux/fs.h usability
configure:12061: /opt/aarch64-ca53-linux-gnueabihf-8.4.01/usr/bin/aarch64-ca53-linux-gnu-gcc -c -I/home/joshtsou/centron_test_dut/out/include -Wall -O2  conftest.c >&5
configure:12061: $? = 0
configure:12061: result: yes
configure:12061: checking linux/fs.h presence
configure:12061: /opt/aarch64-ca53-linux-gnueabihf-8.4.01/usr/bin/aarch64-ca53-linux-gnu-gcc -E  conftest.c
configure:12061: $? = 0
configure:12061: result: yes
configure:12061: checking for linux/fs.h
configure:12061: result: yes
configure:12075: checking for inotify_init
configure:12075: /opt/aarch64-ca53-linux-gnueabihf-8.4.01/usr/bin/aarch64-ca53-linux-gnu-gcc -o conftest -I/home/joshtsou/centron_test_dut/out/include -Wall -O2   conftest.c  >&5
configure:12075: $? = 0
configure:12075: result: yes
configure:12075: checking for epoll_ctl
configure:12075: /opt/aarch64-ca53-linux-gnueabihf-8.4.01/usr/bin/aarch64-ca53-linux-gnu-gcc -o conftest -I/home/joshtsou/centron_test_dut/out/include -Wall -O2   conftest.c  >&5
configure:12075: $? = 0
configure:12075: result: yes
configure:12075: checking for kqueue
configure:12075: /opt/aarch64-ca53-linux-gnueabihf-8.4.01/usr/bin/aarch64-ca53-linux-gnu-gcc -o conftest -I/home/joshtsou/centron_test_dut/out/include -Wall -O2   conftest.c  >&5
/opt/aarch64-ca53-linux-gnueabihf-8.4.01/bin/../lib/gcc/aarch64-ca53-linux-gnu/8.4.0/../../../../aarch64-ca53-linux-gnu/bin/ld: /tmp/cc5sWDR6.o: in function `main':
conftest.c:(.text.startup+0x8): undefined reference to `kqueue'
collect2: error: ld returned 1 exit status
configure:12075: $? = 1
configure: failed program was:
| /* confdefs.h */
| #define PACKAGE_NAME "libev"
| #define PACKAGE_TARNAME "libev"
| #define PACKAGE_VERSION "4.33"
| #define PACKAGE_STRING "libev 4.33"
| #define PACKAGE_BUGREPORT ""
| #define PACKAGE_URL ""
| #define PACKAGE "libev"
| #define VERSION "4.33"
| #define STDC_HEADERS 1
| #define HAVE_SYS_TYPES_H 1
| #define HAVE_SYS_STAT_H 1
| #define HAVE_STDLIB_H 1
| #define HAVE_STRING_H 1
| #define HAVE_MEMORY_H 1
| #define HAVE_STRINGS_H 1
| #define HAVE_INTTYPES_H 1
| #define HAVE_STDINT_H 1
| #define HAVE_UNISTD_H 1
| #define HAVE_DLFCN_H 1
| #define LT_OBJDIR ".libs/"
| #define HAVE_SYS_INOTIFY_H 1
| #define HAVE_SYS_EPOLL_H 1
| #define HAVE_POLL_H 1
| #define HAVE_SYS_TIMERFD_H 1
| #define HAVE_SYS_SELECT_H 1
| #define HAVE_SYS_EVENTFD_H 1
| #define HAVE_SYS_SIGNALFD_H 1
| #define HAVE_LINUX_AIO_ABI_H 1
| #define HAVE_LINUX_FS_H 1
| #define HAVE_INOTIFY_INIT 1
| #define HAVE_EPOLL_CTL 1
| /* end confdefs.h.  */
| /* Define kqueue to an innocuous variant, in case <limits.h> declares kqueue.
|    For example, HP-UX 11i <limits.h> declares gettimeofday.  */
| #define kqueue innocuous_kqueue
| 
| /* System header to define __stub macros and hopefully few prototypes,
|     which can conflict with char kqueue (); below.
|     Prefer <limits.h> to <assert.h> if __STDC__ is defined, since
|     <limits.h> exists even on freestanding compilers.  */
| 
| #ifdef __STDC__
| # include <limits.h>
| #else
| # include <assert.h>
| #endif
| 
| #undef kqueue
| 
| /* Override any GCC internal prototype to avoid an error.
|    Use char because int might match the return type of a GCC
|    builtin and then its argument prototype would still apply.  */
| #ifdef __cplusplus
| extern "C"
| #endif
| char kqueue ();
| /* The GNU C library defines this for functions which it implements
|     to always fail with ENOSYS.  Some functions are actually named
|     something starting with __ and the normal name is an alias.  */
| #if defined __stub_kqueue || defined __stub___kqueue
| choke me
| #endif
| 
| int
| main ()
| {
| return kqueue ();
|   ;
|   return 0;
| }
configure:12075: result: no
configure:12075: checking for port_create
configure:12075: /opt/aarch64-ca53-linux-gnueabihf-8.4.01/usr/bin/aarch64-ca53-linux-gnu-gcc -o conftest -I/home/joshtsou/centron_test_dut/out/include -Wall -O2   conftest.c  >&5
/opt/aarch64-ca53-linux-gnueabihf-8.4.01/bin/../lib/gcc/aarch64-ca53-linux-gnu/8.4.0/../../../../aarch64-ca53-linux-gnu/bin/ld: /tmp/ccEOJnXe.o: in function `main':
conftest.c:(.text.startup+0x8): undefined reference to `port_create'
collect2: error: ld returned 1 exit status
configure:12075: $? = 1
configure: failed program was:
| /* confdefs.h */
| #define PACKAGE_NAME "libev"
| #define PACKAGE_TARNAME "libev"
| #define PACKAGE_VERSION "4.33"
| #define PACKAGE_STRING "libev 4.33"
| #define PACKAGE_BUGREPORT ""
| #define PACKAGE_URL ""
| #define PACKAGE "libev"
| #define VERSION "4.33"
| #define STDC_HEADERS 1
| #define HAVE_SYS_TYPES_H 1
| #define HAVE_SYS_STAT_H 1
| #define HAVE_STDLIB_H 1
| #define HAVE_STRING_H 1
| #define HAVE_MEMORY_H 1
| #define HAVE_STRINGS_H 1
| #define HAVE_INTTYPES_H 1
| #define HAVE_STDINT_H 1
| #define HAVE_UNISTD_H 1
| #define HAVE_DLFCN_H 1
| #define LT_OBJDIR ".libs/"
| #define HAVE_SYS_INOTIFY_H 1
| #define HAVE_SYS_EPOLL_H 1
| #define HAVE_POLL_H 1
| #define HAVE_SYS_TIMERFD_H 1
| #define HAVE_SYS_SELECT_H 1
| #define HAVE_SYS_EVENTFD_H 1
| #define HAVE_SYS_SIGNALFD_H 1
| #define HAVE_LINUX_AIO_ABI_H 1
| #define HAVE_LINUX_FS_H 1
| #define HAVE_INOTIFY_INIT 1
| #define HAVE_EPOLL_CTL 1
| /* end confdefs.h.  */
| /* Define port_create to an innocuous variant, in case <limits.h> declares port_create.
|    For example, HP-UX 11i <limits.h> declares gettimeofday.  */
| #define port_create innocuous_port_create
| 
| /* System header to define __stub macros and hopefully few prototypes,
|     which can conflict with char port_create (); below.
|     Prefer <limits.h> to <assert.h> if __STDC__ is defined, since
|     <limits.h> exists even on freestanding compilers.  */
| 
| #ifdef __STDC__
| # include <limits.h>
| #else
| # include <assert.h>
| #endif
| 
| #undef port_create
| 
| /* Override any GCC internal prototype to avoid an error.
|    Use char because int might match the return type of a GCC
|    builtin and then its argument prototype would still apply.  */
| #ifdef __cplusplus
| extern "C"
| #endif
| char port_create ();
| /* The GNU C library defines this for functions which it implements
|     to always fail with ENOSYS.  Some functions are actually named
|     something starting with __ and the normal name is an alias.  */
| #if defined __stub_port_create || defined __stub___port_create
| choke me
| #endif
| 
| int
| main ()
| {
| return port_create ();
|   ;
|   return 0;
| }
configure:12075: result: no
configure:12075: checking for poll
configure:12075: /opt/aarch64-ca53-linux-gnueabihf-8.4.01/usr/bin/aarch64-ca53-linux-gnu-gcc -o conftest -I/home/joshtsou/centron_test_dut/out/include -Wall -O2   conftest.c  >&5
configure:12075: $? = 0
configure:12075: result: yes
configure:12075: checking for select
configure:12075: /opt/aarch64-ca53-linux-gnueabihf-8.4.01/usr/bin/aarch64-ca53-linux-gnu-gcc -o conftest -I/home/joshtsou/centron_test_dut/out/include -Wall -O2   conftest.c  >&5
configure:12075: $? = 0
configure:12075: result: yes
configure:12075: checking for eventfd
configure:12075: /opt/aarch64-ca53-linux-gnueabihf-8.4.01/usr/bin/aarch64-ca53-linux-gnu-gcc -o conftest -I/home/joshtsou/centron_test_dut/out/include -Wall -O2   conftest.c  >&5
configure:12075: $? = 0
configure:12075: result: yes
configure:12075: checking for signalfd
configure:12075: /opt/aarch64-ca53-linux-gnueabihf-8.4.01/usr/bin/aarch64-ca53-linux-gnu-gcc -o conftest -I/home/joshtsou/centron_test_dut/out/include -Wall -O2   conftest.c  >&5
configure:12075: $? = 0
configure:12075: result: yes
configure:12087: checking for clock_gettime
configure:12087: /opt/aarch64-ca53-linux-gnueabihf-8.4.01/usr/bin/aarch64-ca53-linux-gnu-gcc -o conftest -I/home/joshtsou/centron_test_dut/out/include -Wall -O2   conftest.c  >&5
configure:12087: $? = 0
configure:12087: result: yes
configure:12191: checking for nanosleep
configure:12191: /opt/aarch64-ca53-linux-gnueabihf-8.4.01/usr/bin/aarch64-ca53-linux-gnu-gcc -o conftest -I/home/joshtsou/centron_test_dut/out/include -Wall -O2   conftest.c  >&5
configure:12191: $? = 0
configure:12191: result: yes
configure:12263: checking for __kernel_rwf_t
configure:12263: /opt/aarch64-ca53-linux-gnueabihf-8.4.01/usr/bin/aarch64-ca53-linux-gnu-gcc -c -I/home/joshtsou/centron_test_dut/out/include -Wall -O2  conftest.c >&5
configure:12263: $? = 0
configure:12263: /opt/aarch64-ca53-linux-gnueabihf-8.4.01/usr/bin/aarch64-ca53-linux-gnu-gcc -c -I/home/joshtsou/centron_test_dut/out/include -Wall -O2  conftest.c >&5
conftest.c: In function 'main':
conftest.c:45:29: error: expected expression before ')' token
 if (sizeof ((__kernel_rwf_t)))
                             ^
configure:12263: $? = 1
configure: failed program was:
| /* confdefs.h */
| #define PACKAGE_NAME "libev"
| #define PACKAGE_TARNAME "libev"
| #define PACKAGE_VERSION "4.33"
| #define PACKAGE_STRING "libev 4.33"
| #define PACKAGE_BUGREPORT ""
| #define PACKAGE_URL ""
| #define PACKAGE "libev"
| #define VERSION "4.33"
| #define STDC_HEADERS 1
| #define HAVE_SYS_TYPES_H 1
| #define HAVE_SYS_STAT_H 1
| #define HAVE_STDLIB_H 1
| #define HAVE_STRING_H 1
| #define HAVE_MEMORY_H 1
| #define HAVE_STRINGS_H 1
| #define HAVE_INTTYPES_H 1
| #define HAVE_STDINT_H 1
| #define HAVE_UNISTD_H 1
| #define HAVE_DLFCN_H 1
| #define LT_OBJDIR ".libs/"
| #define HAVE_SYS_INOTIFY_H 1
| #define HAVE_SYS_EPOLL_H 1
| #define HAVE_POLL_H 1
| #define HAVE_SYS_TIMERFD_H 1
| #define HAVE_SYS_SELECT_H 1
| #define HAVE_SYS_EVENTFD_H 1
| #define HAVE_SYS_SIGNALFD_H 1
| #define HAVE_LINUX_AIO_ABI_H 1
| #define HAVE_LINUX_FS_H 1
| #define HAVE_INOTIFY_INIT 1
| #define HAVE_EPOLL_CTL 1
| #define HAVE_POLL 1
| #define HAVE_SELECT 1
| #define HAVE_EVENTFD 1
| #define HAVE_SIGNALFD 1
| #define HAVE_CLOCK_GETTIME 1
| #define HAVE_NANOSLEEP 1
| /* end confdefs.h.  */
| #include <linux/fs.h>
| 
| int
| main ()
| {
| if (sizeof ((__kernel_rwf_t)))
| 	    return 0;
|   ;
|   return 0;
| }
configure:12263: result: yes
configure:12277: checking for library containing floor
configure:12308: /opt/aarch64-ca53-linux-gnueabihf-8.4.01/usr/bin/aarch64-ca53-linux-gnu-gcc -o conftest -I/home/joshtsou/centron_test_dut/out/include -Wall -O2   conftest.c  >&5
conftest.c:48:6: warning: conflicting types for built-in function 'floor' [-Wbuiltin-declaration-mismatch]
 char floor ();
      ^~~~~
/opt/aarch64-ca53-linux-gnueabihf-8.4.01/bin/../lib/gcc/aarch64-ca53-linux-gnu/8.4.0/../../../../aarch64-ca53-linux-gnu/bin/ld: /tmp/cc30AO05.o: in function `main':
conftest.c:(.text.startup+0x8): undefined reference to `floor'
collect2: error: ld returned 1 exit status
configure:12308: $? = 1
configure: failed program was:
| /* confdefs.h */
| #define PACKAGE_NAME "libev"
| #define PACKAGE_TARNAME "libev"
| #define PACKAGE_VERSION "4.33"
| #define PACKAGE_STRING "libev 4.33"
| #define PACKAGE_BUGREPORT ""
| #define PACKAGE_URL ""
| #define PACKAGE "libev"
| #define VERSION "4.33"
| #define STDC_HEADERS 1
| #define HAVE_SYS_TYPES_H 1
| #define HAVE_SYS_STAT_H 1
| #define HAVE_STDLIB_H 1
| #define HAVE_STRING_H 1
| #define HAVE_MEMORY_H 1
| #define HAVE_STRINGS_H 1
| #define HAVE_INTTYPES_H 1
| #define HAVE_STDINT_H 1
| #define HAVE_UNISTD_H 1
| #define HAVE_DLFCN_H 1
| #define LT_OBJDIR ".libs/"
| #define HAVE_SYS_INOTIFY_H 1
| #define HAVE_SYS_EPOLL_H 1
| #define HAVE_POLL_H 1
| #define HAVE_SYS_TIMERFD_H 1
| #define HAVE_SYS_SELECT_H 1
| #define HAVE_SYS_EVENTFD_H 1
| #define HAVE_SYS_SIGNALFD_H 1
| #define HAVE_LINUX_AIO_ABI_H 1
| #define HAVE_LINUX_FS_H 1
| #define HAVE_INOTIFY_INIT 1
| #define HAVE_EPOLL_CTL 1
| #define HAVE_POLL 1
| #define HAVE_SELECT 1
| #define HAVE_EVENTFD 1
| #define HAVE_SIGNALFD 1
| #define HAVE_CLOCK_GETTIME 1
| #define HAVE_NANOSLEEP 1
| #define HAVE_KERNEL_RWF_T 1
| /* end confdefs.h.  */
| 
| /* Override any GCC internal prototype to avoid an error.
|    Use char because int might match the return type of a GCC
|    builtin and then its argument prototype would still apply.  */
| #ifdef __cplusplus
| extern "C"
| #endif
| char floor ();
| int
| main ()
| {
| return floor ();
|   ;
|   return 0;
| }
configure:12308: /opt/aarch64-ca53-linux-gnueabihf-8.4.01/usr/bin/aarch64-ca53-linux-gnu-gcc -o conftest -I/home/joshtsou/centron_test_dut/out/include -Wall -O2   conftest.c -lm   >&5
conftest.c:48:6: warning: conflicting types for built-in function 'floor' [-Wbuiltin-declaration-mismatch]
 char floor ();
      ^~~~~
configure:12308: $? = 0
configure:12325: result: -lm
configure:12441: checking that generated files are newer than configure
configure:12447: result: done
configure:12474: creating ./config.status

## ---------------------- ##
## Running config.status. ##
## ---------------------- ##

This file was extended by libev config.status 4.33, which was
generated by GNU Autoconf 2.69.  Invocation command line was

  CONFIG_FILES    = 
  CONFIG_HEADERS  = 
  CONFIG_LINKS    = 
  CONFIG_COMMANDS = 
  $ ./config.status 

on joshtsou

config.status:1106: creating Makefile
config.status:1106: creating config.h
config.status:1335: executing depfiles commands
config.status:1412: cd .       && sed -e '/# am--include-marker/d' Makefile         | make -f - am--depfiles
make[2]: Entering directory '/home/joshtsou/centron_test_dut/opensource/libev-4.33'
make[2]: Leaving directory '/home/joshtsou/centron_test_dut/opensource/libev-4.33'
config.status:1417: $? = 0
config.status:1335: executing libtool commands

## ---------------- ##
## Cache variables. ##
## ---------------- ##

ac_cv_build=x86_64-pc-linux-gnu
ac_cv_c_compiler_gnu=yes
ac_cv_env_CC_set=set
ac_cv_env_CC_value=/opt/aarch64-ca53-linux-gnueabihf-8.4.01/usr/bin/aarch64-ca53-linux-gnu-gcc
ac_cv_env_CFLAGS_set=set
ac_cv_env_CFLAGS_value='-I/home/joshtsou/centron_test_dut/out/include -Wall -O2'
ac_cv_env_CPPFLAGS_set=
ac_cv_env_CPPFLAGS_value=
ac_cv_env_CPP_set=
ac_cv_env_CPP_value=
ac_cv_env_LDFLAGS_set=
ac_cv_env_LDFLAGS_value=
ac_cv_env_LIBS_set=
ac_cv_env_LIBS_value=
ac_cv_env_LT_SYS_LIBRARY_PATH_set=
ac_cv_env_LT_SYS_LIBRARY_PATH_value=
ac_cv_env_build_alias_set=
ac_cv_env_build_alias_value=
ac_cv_env_host_alias_set=set
ac_cv_env_host_alias_value=aarch64-ca53-linux-gnu
ac_cv_env_target_alias_set=
ac_cv_env_target_alias_value=
ac_cv_func_clock_gettime=yes
ac_cv_func_epoll_ctl=yes
ac_cv_func_eventfd=yes
ac_cv_func_inotify_init=yes
ac_cv_func_kqueue=no
ac_cv_func_nanosleep=yes
ac_cv_func_poll=yes
ac_cv_func_port_create=no
ac_cv_func_select=yes
ac_cv_func_signalfd=yes
ac_cv_header_dlfcn_h=yes
ac_cv_header_inttypes_h=yes
ac_cv_header_linux_aio_abi_h=yes
ac_cv_header_linux_fs_h=yes
ac_cv_header_memory_h=yes
ac_cv_header_poll_h=yes
ac_cv_header_port_h=no
ac_cv_header_stdc=yes
ac_cv_header_stdint_h=yes
ac_cv_header_stdlib_h=yes
ac_cv_header_string_h=yes
ac_cv_header_strings_h=yes
ac_cv_header_sys_epoll_h=yes
ac_cv_header_sys_event_h=no
ac_cv_header_sys_eventfd_h=yes
ac_cv_header_sys_inotify_h=yes
ac_cv_header_sys_select_h=yes
ac_cv_header_sys_signalfd_h=yes
ac_cv_header_sys_stat_h=yes
ac_cv_header_sys_timerfd_h=yes
ac_cv_header_sys_types_h=yes
ac_cv_header_unistd_h=yes
ac_cv_host=aarch64-ca53-linux-gnu
ac_cv_objext=o
ac_cv_path_EGREP='/usr/bin/grep -E'
ac_cv_path_FGREP='/usr/bin/grep -F'
ac_cv_path_GREP=/usr/bin/grep
ac_cv_path_SED=/usr/bin/sed
ac_cv_path_install='/usr/bin/install -c'
ac_cv_path_lt_DD=/usr/bin/dd
ac_cv_path_mkdir=/usr/bin/mkdir
ac_cv_prog_AR=/opt/aarch64-ca53-linux-gnueabihf-8.4.01/usr/bin/aarch64-ca53-linux-gnu-ar
ac_cv_prog_AWK=mawk
ac_cv_prog_CC=/opt/aarch64-ca53-linux-gnueabihf-8.4.01/usr/bin/aarch64-ca53-linux-gnu-gcc
ac_cv_prog_CPP='/opt/aarch64-ca53-linux-gnueabihf-8.4.01/usr/bin/aarch64-ca53-linux-gnu-gcc -E'
ac_cv_prog_RANLIB=/opt/aarch64-ca53-linux-gnueabihf-8.4.01/usr/bin/aarch64-ca53-linux-gnu-ranlib
ac_cv_prog_STRIP=/opt/aarch64-ca53-linux-gnueabihf-8.4.01/usr/bin/aarch64-ca53-linux-gnu-strip
ac_cv_prog_ac_ct_DUMPBIN='link -dump'
ac_cv_prog_ac_ct_MANIFEST_TOOL=mt
ac_cv_prog_ac_ct_OBJDUMP=objdump
ac_cv_prog_cc_c89=
ac_cv_prog_cc_g=yes
ac_cv_prog_make_make_set=yes
ac_cv_search_floor=-lm
ac_cv_type___kernel_rwf_t=yes
am_cv_CC_dependencies_compiler_type=gcc3
am_cv_make_support_nested_variables=yes
am_cv_prog_cc_c_o=yes
lt_cv_ar_at_file=@
lt_cv_deplibs_check_method=pass_all
lt_cv_file_magic_cmd='$MAGIC_CMD'
lt_cv_file_magic_test_file=
lt_cv_ld_reload_flag=-r
lt_cv_nm_interface='BSD nm'
lt_cv_objdir=.libs
lt_cv_path_LD=/opt/aarch64-ca53-linux-gnueabihf-8.4.01/usr/bin/aarch64-ca53-linux-gnu-ld
lt_cv_path_NM=no
lt_cv_path_mainfest_tool=no
lt_cv_prog_compiler_c_o=yes
lt_cv_prog_compiler_pic='-fPIC -DPIC'
lt_cv_prog_compiler_pic_works=yes
lt_cv_prog_compiler_rtti_exceptions=no
lt_cv_prog_compiler_static_works=yes
lt_cv_prog_gnu_ld=yes
lt_cv_sharedlib_from_linklib_cmd='printf %s\n'
lt_cv_shlibpath_overrides_runpath=no
lt_cv_sys_global_symbol_pipe='sed -n -e '\''s/^.*[	 ]\([ABCDGIRSTW][ABCDGIRSTW]*\)[	 ][	 ]*\([_A-Za-z][_A-Za-z0-9]*\)$/\1 \2 \2/p'\'' | sed '\''/ __gnu_lto/d'\'''
lt_cv_sys_global_symbol_to_c_name_address='sed -n -e '\''s/^: \(.*\) .*$/  {"\1", (void *) 0},/p'\'' -e '\''s/^[ABCDGIRSTW][ABCDGIRSTW]* .* \(.*\)$/  {"\1", (void *) \&\1},/p'\'''
lt_cv_sys_global_symbol_to_c_name_address_lib_prefix='sed -n -e '\''s/^: \(.*\) .*$/  {"\1", (void *) 0},/p'\'' -e '\''s/^[ABCDGIRSTW][ABCDGIRSTW]* .* \(lib.*\)$/  {"\1", (void *) \&\1},/p'\'' -e '\''s/^[ABCDGIRSTW][ABCDGIRSTW]* .* \(.*\)$/  {"lib\1", (void *) \&\1},/p'\'''
lt_cv_sys_global_symbol_to_cdecl='sed -n -e '\''s/^T .* \(.*\)$/extern int \1();/p'\'' -e '\''s/^[ABCDGIRSTW][ABCDGIRSTW]* .* \(.*\)$/extern char \1;/p'\'''
lt_cv_sys_global_symbol_to_import=
lt_cv_sys_max_cmd_len=1572864
lt_cv_to_host_file_cmd=func_convert_file_noop
lt_cv_to_tool_file_cmd=func_convert_file_noop
lt_cv_truncate_bin='/usr/bin/dd bs=4096 count=1'

## ----------------- ##
## Output variables. ##
## ----------------- ##

ACLOCAL='${SHELL} /home/joshtsou/centron_test_dut/opensource/libev-4.33/missing aclocal-1.16'
AMDEPBACKSLASH='\'
AMDEP_FALSE='#'
AMDEP_TRUE=''
AMTAR='$${TAR-tar}'
AM_BACKSLASH='\'
AM_DEFAULT_V='$(AM_DEFAULT_VERBOSITY)'
AM_DEFAULT_VERBOSITY='1'
AM_V='$(V)'
AR='/opt/aarch64-ca53-linux-gnueabihf-8.4.01/usr/bin/aarch64-ca53-linux-gnu-ar'
AUTOCONF='${SHELL} /home/joshtsou/centron_test_dut/opensource/libev-4.33/missing autoconf'
AUTOHEADER='${SHELL} /home/joshtsou/centron_test_dut/opensource/libev-4.33/missing autoheader'
AUTOMAKE='${SHELL} /home/joshtsou/centron_test_dut/opensource/libev-4.33/missing automake-1.16'
AWK='mawk'
CC='/opt/aarch64-ca53-linux-gnueabihf-8.4.01/usr/bin/aarch64-ca53-linux-gnu-gcc'
CCDEPMODE='depmode=gcc3'
CFLAGS='-I/home/joshtsou/centron_test_dut/out/include -Wall -O2'
CPP='/opt/aarch64-ca53-linux-gnueabihf-8.4.01/usr/bin/aarch64-ca53-linux-gnu-gcc -E'
CPPFLAGS=''
CYGPATH_W='echo'
DEFS='-DHAVE_CONFIG_H'
DEPDIR='.deps'
DLLTOOL='false'
DSYMUTIL=''
DUMPBIN=':'
ECHO_C=''
ECHO_N='-n'
ECHO_T=''
EGREP='/usr/bin/grep -E'
EXEEXT=''
FGREP='/usr/bin/grep -F'
GREP='/usr/bin/grep'
INSTALL_DATA='${INSTALL} -m 644'
INSTALL_PROGRAM='${INSTALL}'
INSTALL_SCRIPT='${INSTALL}'
INSTALL_STRIP_PROGRAM='$(install_sh) -c -s'
LD='/opt/aarch64-ca53-linux-gnueabihf-8.4.01/usr/bin/aarch64-ca53-linux-gnu-ld'
LDFLAGS=''
LIBOBJS=''
LIBS='-lm '
LIBTOOL='$(SHELL) $(top_builddir)/libtool'
LIPO=''
LN_S='ln -s'
LTLIBOBJS=''
LT_SYS_LIBRARY_PATH=''
MAINT='#'
MAINTAINER_MODE_FALSE=''
MAINTAINER_MODE_TRUE='#'
MAKEINFO='${SHELL} /home/joshtsou/centron_test_dut/opensource/libev-4.33/missing makeinfo'
MANIFEST_TOOL=':'
MKDIR_P='/usr/bin/mkdir -p'
NM='nm'
NMEDIT=''
OBJDUMP='objdump'
OBJEXT='o'
OTOOL64=''
OTOOL=''
PACKAGE='libev'
PACKAGE_BUGREPORT=''
PACKAGE_NAME='libev'
PACKAGE_STRING='libev 4.33'
PACKAGE_TARNAME='libev'
PACKAGE_URL=''
PACKAGE_VERSION='4.33'
PATH_SEPARATOR=':'
RANLIB='/opt/aarch64-ca53-linux-gnueabihf-8.4.01/usr/bin/aarch64-ca53-linux-gnu-ranlib'
SED='/usr/bin/sed'
SET_MAKE=''
SHELL='/bin/bash'
STRIP='/opt/aarch64-ca53-linux-gnueabihf-8.4.01/usr/bin/aarch64-ca53-linux-gnu-strip'
VERSION='4.33'
ac_ct_AR=''
ac_ct_CC=''
ac_ct_DUMPBIN='link -dump'
am__EXEEXT_FALSE=''
am__EXEEXT_TRUE='#'
am__fastdepCC_FALSE='#'
am__fastdepCC_TRUE=''
am__include='include'
am__isrc=''
am__leading_dot='.'
am__nodep='_no'
am__quote=''
am__tar='$${TAR-tar} chof - "$$tardir"'
am__untar='$${TAR-tar} xf -'
bindir='${exec_prefix}/bin'
build='x86_64-pc-linux-gnu'
build_alias=''
build_cpu='x86_64'
build_os='linux-gnu'
build_vendor='pc'
datadir='${datarootdir}'
datarootdir='${prefix}/share'
docdir='${datarootdir}/doc/${PACKAGE_TARNAME}'
dvidir='${docdir}'
exec_prefix='${prefix}'
host='aarch64-ca53-linux-gnu'
host_alias='aarch64-ca53-linux-gnu'
host_cpu='aarch64'
host_os='linux-gnu'
host_vendor='ca53'
htmldir='${docdir}'
includedir='${prefix}/include'
infodir='${datarootdir}/info'
install_sh='${SHELL} /home/joshtsou/centron_test_dut/opensource/libev-4.33/install-sh'
libdir='${exec_prefix}/lib'
libexecdir='${exec_prefix}/libexec'
localedir='${datarootdir}/locale'
localstatedir='${prefix}/var'
mandir='${datarootdir}/man'
mkdir_p='$(MKDIR_P)'
oldincludedir='/usr/include'
pdfdir='${docdir}'
prefix='/home/joshtsou/centron_test_dut/out'
program_transform_name='s,x,x,'
psdir='${docdir}'
runstatedir='${localstatedir}/run'
sbindir='${exec_prefix}/sbin'
sharedstatedir='${prefix}/com'
sysconfdir='${prefix}/etc'
target_alias=''

## ----------- ##
## confdefs.h. ##
## ----------- ##

/* confdefs.h */
#define PACKAGE_NAME "libev"
#define PACKAGE_TARNAME "libev"
#define PACKAGE_VERSION "4.33"
#define PACKAGE_STRING "libev 4.33"
#define PACKAGE_BUGREPORT ""
#define PACKAGE_URL ""
#define PACKAGE "libev"
#define VERSION "4.33"
#define STDC_HEADERS 1
#define HAVE_SYS_TYPES_H 1
#define HAVE_SYS_STAT_H 1
#define HAVE_STDLIB_H 1
#define HAVE_STRING_H 1
#define HAVE_MEMORY_H 1
#define HAVE_STRINGS_H 1
#define HAVE_INTTYPES_H 1
#define HAVE_STDINT_H 1
#define HAVE_UNISTD_H 1
#define HAVE_DLFCN_H 1
#define LT_OBJDIR ".libs/"
#define HAVE_SYS_INOTIFY_H 1
#define HAVE_SYS_EPOLL_H 1
#define HAVE_POLL_H 1
#define HAVE_SYS_TIMERFD_H 1
#define HAVE_SYS_SELECT_H 1
#define HAVE_SYS_EVENTFD_H 1
#define HAVE_SYS_SIGNALFD_H 1
#define HAVE_LINUX_AIO_ABI_H 1
#define HAVE_LINUX_FS_H 1
#define HAVE_INOTIFY_INIT 1
#define HAVE_EPOLL_CTL 1
#define HAVE_POLL 1
#define HAVE_SELECT 1
#define HAVE_EVENTFD 1
#define HAVE_SIGNALFD 1
#define HAVE_CLOCK_GETTIME 1
#define HAVE_NANOSLEEP 1
#define HAVE_KERNEL_RWF_T 1
#define HAVE_FLOOR 1

configure: exit 0
