This file contains any messages produced by compilers while
running configure, to aid debugging if configure makes a mistake.

It was created by jansson configure 2.13, which was
generated by GNU Autoconf 2.71.  Invocation command line was

  $ ./configure --host=aarch64-ca53-linux-gnu --prefix=/home/joshtsou/centron_test_dut/out --enable-shared=no --enable-static=yes

## --------- ##
## Platform. ##
## --------- ##

hostname = joshtsou
uname -m = x86_64
uname -r = 6.8.0-52-generic
uname -s = Linux
uname -v = #53~22.04.1-Ubuntu SMP PREEMPT_DYNAMIC Wed Jan 15 19:18:46 UTC 2

/usr/bin/uname -p = x86_64
/bin/uname -X     = unknown

/bin/arch              = x86_64
/usr/bin/arch -k       = unknown
/usr/convex/getsysinfo = unknown
/usr/bin/hostinfo      = unknown
/bin/machine           = unknown
/usr/bin/oslevel       = unknown
/bin/universe          = unknown

PATH: /usr/local/sbin/
PATH: /usr/local/bin/
PATH: /usr/sbin/
PATH: /usr/bin/
PATH: /sbin/
PATH: /bin/
PATH: /usr/games/
PATH: /usr/local/games/
PATH: /snap/bin/


## ----------- ##
## Core tests. ##
## ----------- ##

configure:2918: looking for aux files: config.guess config.sub ltmain.sh compile missing install-sh
configure:2931:  trying ././
configure:2960:   ././config.guess found
configure:2960:   ././config.sub found
configure:2960:   ././ltmain.sh found
configure:2960:   ././compile found
configure:2960:   ././missing found
configure:2942:   ././install-sh found
configure:3091: checking for a BSD-compatible install
configure:3164: result: /usr/bin/install -c
configure:3175: checking whether build environment is sane
configure:3230: result: yes
configure:3286: checking for aarch64-ca53-linux-gnu-strip
configure:3318: result: /opt/aarch64-ca53-linux-gnueabihf-8.4.01/usr/bin/aarch64-ca53-linux-gnu-strip
configure:3389: checking for a race-free mkdir -p
configure:3433: result: /usr/bin/mkdir -p
configure:3440: checking for gawk
configure:3475: result: no
configure:3440: checking for mawk
configure:3461: found /usr/bin/mawk
configure:3472: result: mawk
configure:3483: checking whether make sets $(MAKE)
configure:3506: result: yes
configure:3536: checking whether make supports nested variables
configure:3554: result: yes
configure:3713: checking for aarch64-ca53-linux-gnu-gcc
configure:3745: result: /opt/aarch64-ca53-linux-gnueabihf-8.4.01/usr/bin/aarch64-ca53-linux-gnu-gcc
configure:4143: checking for C compiler version
configure:4152: /opt/aarch64-ca53-linux-gnueabihf-8.4.01/usr/bin/aarch64-ca53-linux-gnu-gcc --version >&5
aarch64-ca53-linux-gnu-gcc.br_real (Buildroot 2020.02.9-23-g81e333f) 8.4.0
Copyright (C) 2018 Free Software Foundation, Inc.
This is free software; see the source for copying conditions.  There is NO
warranty; not even for MERCHANTABILITY or FITNESS FOR A PARTICULAR PURPOSE.

configure:4163: $? = 0
configure:4152: /opt/aarch64-ca53-linux-gnueabihf-8.4.01/usr/bin/aarch64-ca53-linux-gnu-gcc -v >&5
Using built-in specs.
COLLECT_GCC=/opt/aarch64-ca53-linux-gnueabihf-8.4.01/bin/aarch64-ca53-linux-gnu-gcc.br_real
COLLECT_LTO_WRAPPER=/opt/aarch64-ca53-linux-gnueabihf-8.4.01/bin/../libexec/gcc/aarch64-ca53-linux-gnu/8.4.0/lto-wrapper
Target: aarch64-ca53-linux-gnu
Configured with: ./configure --prefix=/home/ivotpsw/Work/opensource/buildroot/output/aarch64-ca53-linux-gnueabihf-8.4.01 --sysconfdir=/home/ivotpsw/Work/opensource/buildroot/output/aarch64-ca53-linux-gnueabihf-8.4.01/etc --enable-static --target=aarch64-ca53-linux-gnu --with-sysroot=/home/ivotpsw/Work/opensource/buildroot/output/aarch64-ca53-linux-gnueabihf-8.4.01/aarch64-ca53-linux-gnu/sysroot --enable-__cxa_atexit --with-gnu-ld --disable-multilib --disable-decimal-float --with-gmp=/home/ivotpsw/Work/opensource/buildroot/output/aarch64-ca53-linux-gnueabihf-8.4.01 --with-mpc=/home/ivotpsw/Work/opensource/buildroot/output/aarch64-ca53-linux-gnueabihf-8.4.01 --with-mpfr=/home/ivotpsw/Work/opensource/buildroot/output/aarch64-ca53-linux-gnueabihf-8.4.01 --with-pkgversion='Buildroot 2020.02.9-23-g81e333f' --with-bugurl=http://bugs.buildroot.net/ --disable-libquadmath --disable-libquadmath-support --enable-tls --enable-threads --without-isl --without-cloog --with-abi=lp64 --with-cpu=cortex-a53 --enable-languages=c,c++ --with-build-time-tools=/home/ivotpsw/Work/opensource/buildroot/output/aarch64-ca53-linux-gnueabihf-8.4.01/aarch64-ca53-linux-gnu/bin --enable-shared --disable-libgomp
Thread model: posix
gcc version 8.4.0 (Buildroot 2020.02.9-23-g81e333f) 
configure:4163: $? = 0
configure:4152: /opt/aarch64-ca53-linux-gnueabihf-8.4.01/usr/bin/aarch64-ca53-linux-gnu-gcc -V >&5
aarch64-ca53-linux-gnu-gcc.br_real: error: unrecognized command line option '-V'
aarch64-ca53-linux-gnu-gcc.br_real: fatal error: no input files
compilation terminated.
configure:4163: $? = 1
configure:4152: /opt/aarch64-ca53-linux-gnueabihf-8.4.01/usr/bin/aarch64-ca53-linux-gnu-gcc -qversion >&5
aarch64-ca53-linux-gnu-gcc.br_real: error: unrecognized command line option '-qversion'; did you mean '--version'?
aarch64-ca53-linux-gnu-gcc.br_real: fatal error: no input files
compilation terminated.
configure:4163: $? = 1
configure:4152: /opt/aarch64-ca53-linux-gnueabihf-8.4.01/usr/bin/aarch64-ca53-linux-gnu-gcc -version >&5
aarch64-ca53-linux-gnu-gcc.br_real: error: unrecognized command line option '-version'
aarch64-ca53-linux-gnu-gcc.br_real: fatal error: no input files
compilation terminated.
configure:4163: $? = 1
configure:4183: checking whether the C compiler works
configure:4205: /opt/aarch64-ca53-linux-gnueabihf-8.4.01/usr/bin/aarch64-ca53-linux-gnu-gcc -I/home/joshtsou/centron_test_dut/out/include -Wall -O2   conftest.c  >&5
configure:4209: $? = 0
configure:4259: result: yes
configure:4262: checking for C compiler default output file name
configure:4264: result: a.out
configure:4270: checking for suffix of executables
configure:4277: /opt/aarch64-ca53-linux-gnueabihf-8.4.01/usr/bin/aarch64-ca53-linux-gnu-gcc -o conftest -I/home/joshtsou/centron_test_dut/out/include -Wall -O2   conftest.c  >&5
configure:4281: $? = 0
configure:4304: result: 
configure:4326: checking whether we are cross compiling
configure:4334: /opt/aarch64-ca53-linux-gnueabihf-8.4.01/usr/bin/aarch64-ca53-linux-gnu-gcc -o conftest -I/home/joshtsou/centron_test_dut/out/include -Wall -O2   conftest.c  >&5
configure:4338: $? = 0
configure:4345: ./conftest
./configure: line 4347: ./conftest: cannot execute binary file: Exec format error
configure:4349: $? = 126
configure:4364: result: yes
configure:4369: checking for suffix of object files
configure:4392: /opt/aarch64-ca53-linux-gnueabihf-8.4.01/usr/bin/aarch64-ca53-linux-gnu-gcc -c -I/home/joshtsou/centron_test_dut/out/include -Wall -O2  conftest.c >&5
configure:4396: $? = 0
configure:4418: result: o
configure:4422: checking whether the compiler supports GNU C
configure:4442: /opt/aarch64-ca53-linux-gnueabihf-8.4.01/usr/bin/aarch64-ca53-linux-gnu-gcc -c -I/home/joshtsou/centron_test_dut/out/include -Wall -O2  conftest.c >&5
configure:4442: $? = 0
configure:4452: result: yes
configure:4463: checking whether /opt/aarch64-ca53-linux-gnueabihf-8.4.01/usr/bin/aarch64-ca53-linux-gnu-gcc accepts -g
configure:4484: /opt/aarch64-ca53-linux-gnueabihf-8.4.01/usr/bin/aarch64-ca53-linux-gnu-gcc -c -g  conftest.c >&5
configure:4484: $? = 0
configure:4528: result: yes
configure:4548: checking for /opt/aarch64-ca53-linux-gnueabihf-8.4.01/usr/bin/aarch64-ca53-linux-gnu-gcc option to enable C11 features
configure:4563: /opt/aarch64-ca53-linux-gnueabihf-8.4.01/usr/bin/aarch64-ca53-linux-gnu-gcc  -c -I/home/joshtsou/centron_test_dut/out/include -Wall -O2  conftest.c >&5
configure:4563: $? = 0
configure:4581: result: none needed
configure:4697: checking whether /opt/aarch64-ca53-linux-gnueabihf-8.4.01/usr/bin/aarch64-ca53-linux-gnu-gcc understands -c and -o together
configure:4720: /opt/aarch64-ca53-linux-gnueabihf-8.4.01/usr/bin/aarch64-ca53-linux-gnu-gcc -c conftest.c -o conftest2.o
configure:4723: $? = 0
configure:4720: /opt/aarch64-ca53-linux-gnueabihf-8.4.01/usr/bin/aarch64-ca53-linux-gnu-gcc -c conftest.c -o conftest2.o
configure:4723: $? = 0
configure:4735: result: yes
configure:4755: checking whether make supports the include directive
configure:4770: make -f confmf.GNU && cat confinc.out
make[2]: Entering directory '/home/joshtsou/centron_test_dut/opensource/jansson-2.13'
make[2]: Leaving directory '/home/joshtsou/centron_test_dut/opensource/jansson-2.13'
this is the am__doit target
configure:4773: $? = 0
configure:4792: result: yes (GNU style)
configure:4818: checking dependency style of /opt/aarch64-ca53-linux-gnueabihf-8.4.01/usr/bin/aarch64-ca53-linux-gnu-gcc
configure:4930: result: gcc3
configure:5073: checking for C++ compiler version
configure:5082: /opt/aarch64-ca53-linux-gnueabihf-8.4.01/usr/bin/aarch64-ca53-linux-gnu-g++ --version >&5
aarch64-ca53-linux-gnu-g++.br_real (Buildroot 2020.02.9-23-g81e333f) 8.4.0
Copyright (C) 2018 Free Software Foundation, Inc.
This is free software; see the source for copying conditions.  There is NO
warranty; not even for MERCHANTABILITY or FITNESS FOR A PARTICULAR PURPOSE.

configure:5093: $? = 0
configure:5082: /opt/aarch64-ca53-linux-gnueabihf-8.4.01/usr/bin/aarch64-ca53-linux-gnu-g++ -v >&5
Using built-in specs.
COLLECT_GCC=/opt/aarch64-ca53-linux-gnueabihf-8.4.01/bin/aarch64-ca53-linux-gnu-g++.br_real
COLLECT_LTO_WRAPPER=/opt/aarch64-ca53-linux-gnueabihf-8.4.01/bin/../libexec/gcc/aarch64-ca53-linux-gnu/8.4.0/lto-wrapper
Target: aarch64-ca53-linux-gnu
Configured with: ./configure --prefix=/home/ivotpsw/Work/opensource/buildroot/output/aarch64-ca53-linux-gnueabihf-8.4.01 --sysconfdir=/home/ivotpsw/Work/opensource/buildroot/output/aarch64-ca53-linux-gnueabihf-8.4.01/etc --enable-static --target=aarch64-ca53-linux-gnu --with-sysroot=/home/ivotpsw/Work/opensource/buildroot/output/aarch64-ca53-linux-gnueabihf-8.4.01/aarch64-ca53-linux-gnu/sysroot --enable-__cxa_atexit --with-gnu-ld --disable-multilib --disable-decimal-float --with-gmp=/home/ivotpsw/Work/opensource/buildroot/output/aarch64-ca53-linux-gnueabihf-8.4.01 --with-mpc=/home/ivotpsw/Work/opensource/buildroot/output/aarch64-ca53-linux-gnueabihf-8.4.01 --with-mpfr=/home/ivotpsw/Work/opensource/buildroot/output/aarch64-ca53-linux-gnueabihf-8.4.01 --with-pkgversion='Buildroot 2020.02.9-23-g81e333f' --with-bugurl=http://bugs.buildroot.net/ --disable-libquadmath --disable-libquadmath-support --enable-tls --enable-threads --without-isl --without-cloog --with-abi=lp64 --with-cpu=cortex-a53 --enable-languages=c,c++ --with-build-time-tools=/home/ivotpsw/Work/opensource/buildroot/output/aarch64-ca53-linux-gnueabihf-8.4.01/aarch64-ca53-linux-gnu/bin --enable-shared --disable-libgomp
Thread model: posix
gcc version 8.4.0 (Buildroot 2020.02.9-23-g81e333f) 
configure:5093: $? = 0
configure:5082: /opt/aarch64-ca53-linux-gnueabihf-8.4.01/usr/bin/aarch64-ca53-linux-gnu-g++ -V >&5
aarch64-ca53-linux-gnu-g++.br_real: error: unrecognized command line option '-V'
aarch64-ca53-linux-gnu-g++.br_real: fatal error: no input files
compilation terminated.
configure:5093: $? = 1
configure:5082: /opt/aarch64-ca53-linux-gnueabihf-8.4.01/usr/bin/aarch64-ca53-linux-gnu-g++ -qversion >&5
aarch64-ca53-linux-gnu-g++.br_real: error: unrecognized command line option '-qversion'; did you mean '--version'?
aarch64-ca53-linux-gnu-g++.br_real: fatal error: no input files
compilation terminated.
configure:5093: $? = 1
configure:5097: checking whether the compiler supports GNU C++
configure:5117: /opt/aarch64-ca53-linux-gnueabihf-8.4.01/usr/bin/aarch64-ca53-linux-gnu-g++ -c   conftest.cpp >&5
configure:5117: $? = 0
configure:5127: result: yes
configure:5138: checking whether /opt/aarch64-ca53-linux-gnueabihf-8.4.01/usr/bin/aarch64-ca53-linux-gnu-g++ accepts -g
configure:5159: /opt/aarch64-ca53-linux-gnueabihf-8.4.01/usr/bin/aarch64-ca53-linux-gnu-g++ -c -g  conftest.cpp >&5
configure:5159: $? = 0
configure:5203: result: yes
configure:5223: checking for /opt/aarch64-ca53-linux-gnueabihf-8.4.01/usr/bin/aarch64-ca53-linux-gnu-g++ option to enable C++11 features
configure:5238: /opt/aarch64-ca53-linux-gnueabihf-8.4.01/usr/bin/aarch64-ca53-linux-gnu-g++  -c -g -O2  conftest.cpp >&5
configure:5238: $? = 0
configure:5256: result: none needed
configure:5322: checking dependency style of /opt/aarch64-ca53-linux-gnueabihf-8.4.01/usr/bin/aarch64-ca53-linux-gnu-g++
configure:5434: result: gcc3
configure:5481: checking build system type
configure:5496: result: x86_64-pc-linux-gnu
configure:5516: checking host system type
configure:5530: result: aarch64-ca53-linux-gnu
configure:5571: checking how to print strings
configure:5598: result: printf
configure:5619: checking for a sed that does not truncate output
configure:5689: result: /usr/bin/sed
configure:5707: checking for grep that handles long lines and -e
configure:5771: result: /usr/bin/grep
configure:5776: checking for egrep
configure:5844: result: /usr/bin/grep -E
configure:5849: checking for fgrep
configure:5917: result: /usr/bin/grep -F
configure:5953: checking for ld used by /opt/aarch64-ca53-linux-gnueabihf-8.4.01/usr/bin/aarch64-ca53-linux-gnu-gcc
configure:6021: result: /opt/aarch64-ca53-linux-gnueabihf-8.4.01/usr/bin/aarch64-ca53-linux-gnu-ld
configure:6028: checking if the linker (/opt/aarch64-ca53-linux-gnueabihf-8.4.01/usr/bin/aarch64-ca53-linux-gnu-ld) is GNU ld
configure:6044: result: yes
configure:6056: checking for BSD- or MS-compatible name lister (nm)
configure:6111: result: no
configure:6125: checking for aarch64-ca53-linux-gnu-dumpbin
configure:6160: result: no
configure:6125: checking for aarch64-ca53-linux-gnu-link
configure:6160: result: no
configure:6174: checking for dumpbin
configure:6209: result: no
configure:6174: checking for link
configure:6195: found /usr/bin/link
configure:6206: result: link -dump
configure:6222: WARNING: using cross tools not prefixed with host triplet
configure:6251: checking the name lister (nm) interface
configure:6259: /opt/aarch64-ca53-linux-gnueabihf-8.4.01/usr/bin/aarch64-ca53-linux-gnu-gcc -c -I/home/joshtsou/centron_test_dut/out/include -Wall -O2  conftest.c >&5
configure:6262: nm "conftest.o"
configure:6265: output
0000000000000000 b $d
0000000000000000 B some_variable
configure:6272: result: BSD nm
configure:6275: checking whether ln -s works
configure:6279: result: yes
configure:6287: checking the maximum length of command line arguments
configure:6419: result: 1572864
configure:6467: checking how to convert x86_64-pc-linux-gnu file names to aarch64-ca53-linux-gnu format
configure:6508: result: func_convert_file_noop
configure:6515: checking how to convert x86_64-pc-linux-gnu file names to toolchain format
configure:6536: result: func_convert_file_noop
configure:6543: checking for /opt/aarch64-ca53-linux-gnueabihf-8.4.01/usr/bin/aarch64-ca53-linux-gnu-ld option to reload object files
configure:6551: result: -r
configure:6585: checking for aarch64-ca53-linux-gnu-objdump
configure:6620: result: no
configure:6630: checking for objdump
configure:6651: found /usr/bin/objdump
configure:6662: result: objdump
configure:6694: checking how to recognize dependent libraries
configure:6895: result: pass_all
configure:6940: checking for aarch64-ca53-linux-gnu-dlltool
configure:6975: result: no
configure:6985: checking for dlltool
configure:7020: result: no
configure:7050: checking how to associate runtime and link libraries
configure:7078: result: printf %s\n
configure:7095: checking for aarch64-ca53-linux-gnu-ar
configure:7127: result: /opt/aarch64-ca53-linux-gnueabihf-8.4.01/usr/bin/aarch64-ca53-linux-gnu-ar
configure:7213: checking for archiver @FILE support
configure:7231: /opt/aarch64-ca53-linux-gnueabihf-8.4.01/usr/bin/aarch64-ca53-linux-gnu-gcc -c -I/home/joshtsou/centron_test_dut/out/include -Wall -O2  conftest.c >&5
configure:7231: $? = 0
configure:7235: /opt/aarch64-ca53-linux-gnueabihf-8.4.01/usr/bin/aarch64-ca53-linux-gnu-ar cr libconftest.a @conftest.lst >&5
configure:7238: $? = 0
configure:7243: /opt/aarch64-ca53-linux-gnueabihf-8.4.01/usr/bin/aarch64-ca53-linux-gnu-ar cr libconftest.a @conftest.lst >&5
/opt/aarch64-ca53-linux-gnueabihf-8.4.01/usr/bin/aarch64-ca53-linux-gnu-ar: conftest.o: No such file or directory
configure:7246: $? = 1
configure:7258: result: @
configure:7276: checking for aarch64-ca53-linux-gnu-strip
configure:7308: result: /opt/aarch64-ca53-linux-gnueabihf-8.4.01/usr/bin/aarch64-ca53-linux-gnu-strip
configure:7385: checking for aarch64-ca53-linux-gnu-ranlib
configure:7417: result: /opt/aarch64-ca53-linux-gnueabihf-8.4.01/usr/bin/aarch64-ca53-linux-gnu-ranlib
configure:7564: checking command to parse nm output from /opt/aarch64-ca53-linux-gnueabihf-8.4.01/usr/bin/aarch64-ca53-linux-gnu-gcc object
configure:7718: /opt/aarch64-ca53-linux-gnueabihf-8.4.01/usr/bin/aarch64-ca53-linux-gnu-gcc -c -I/home/joshtsou/centron_test_dut/out/include -Wall -O2  conftest.c >&5
configure:7721: $? = 0
configure:7725: nm conftest.o | sed -n -e 's/^.*[	 ]\([ABCDGIRSTW][ABCDGIRSTW]*\)[	 ][	 ]*\([_A-Za-z][_A-Za-z0-9]*\)$/\1 \2 \2/p' | sed '/ __gnu_lto/d' > conftest.nm
configure:7791: /opt/aarch64-ca53-linux-gnueabihf-8.4.01/usr/bin/aarch64-ca53-linux-gnu-gcc -o conftest -I/home/joshtsou/centron_test_dut/out/include -Wall -O2   conftest.c conftstm.o >&5
configure:7794: $? = 0
configure:7832: result: ok
configure:7879: checking for sysroot
configure:7910: result: no
configure:7917: checking for a working dd
configure:7961: result: /usr/bin/dd
configure:7965: checking how to truncate binary pipes
configure:7981: result: /usr/bin/dd bs=4096 count=1
configure:8273: checking for aarch64-ca53-linux-gnu-mt
configure:8308: result: no
configure:8318: checking for mt
configure:8339: found /usr/bin/mt
configure:8350: result: mt
configure:8373: checking if mt is a manifest tool
configure:8380: mt '-?'
configure:8388: result: no
configure:9118: checking for stdio.h
configure:9118: /opt/aarch64-ca53-linux-gnueabihf-8.4.01/usr/bin/aarch64-ca53-linux-gnu-gcc -c -I/home/joshtsou/centron_test_dut/out/include -Wall -O2  conftest.c >&5
configure:9118: $? = 0
configure:9118: result: yes
configure:9118: checking for stdlib.h
configure:9118: /opt/aarch64-ca53-linux-gnueabihf-8.4.01/usr/bin/aarch64-ca53-linux-gnu-gcc -c -I/home/joshtsou/centron_test_dut/out/include -Wall -O2  conftest.c >&5
configure:9118: $? = 0
configure:9118: result: yes
configure:9118: checking for string.h
configure:9118: /opt/aarch64-ca53-linux-gnueabihf-8.4.01/usr/bin/aarch64-ca53-linux-gnu-gcc -c -I/home/joshtsou/centron_test_dut/out/include -Wall -O2  conftest.c >&5
configure:9118: $? = 0
configure:9118: result: yes
configure:9118: checking for inttypes.h
configure:9118: /opt/aarch64-ca53-linux-gnueabihf-8.4.01/usr/bin/aarch64-ca53-linux-gnu-gcc -c -I/home/joshtsou/centron_test_dut/out/include -Wall -O2  conftest.c >&5
configure:9118: $? = 0
configure:9118: result: yes
configure:9118: checking for stdint.h
configure:9118: /opt/aarch64-ca53-linux-gnueabihf-8.4.01/usr/bin/aarch64-ca53-linux-gnu-gcc -c -I/home/joshtsou/centron_test_dut/out/include -Wall -O2  conftest.c >&5
configure:9118: $? = 0
configure:9118: result: yes
configure:9118: checking for strings.h
configure:9118: /opt/aarch64-ca53-linux-gnueabihf-8.4.01/usr/bin/aarch64-ca53-linux-gnu-gcc -c -I/home/joshtsou/centron_test_dut/out/include -Wall -O2  conftest.c >&5
configure:9118: $? = 0
configure:9118: result: yes
configure:9118: checking for sys/stat.h
configure:9118: /opt/aarch64-ca53-linux-gnueabihf-8.4.01/usr/bin/aarch64-ca53-linux-gnu-gcc -c -I/home/joshtsou/centron_test_dut/out/include -Wall -O2  conftest.c >&5
configure:9118: $? = 0
configure:9118: result: yes
configure:9118: checking for sys/types.h
configure:9118: /opt/aarch64-ca53-linux-gnueabihf-8.4.01/usr/bin/aarch64-ca53-linux-gnu-gcc -c -I/home/joshtsou/centron_test_dut/out/include -Wall -O2  conftest.c >&5
configure:9118: $? = 0
configure:9118: result: yes
configure:9118: checking for unistd.h
configure:9118: /opt/aarch64-ca53-linux-gnueabihf-8.4.01/usr/bin/aarch64-ca53-linux-gnu-gcc -c -I/home/joshtsou/centron_test_dut/out/include -Wall -O2  conftest.c >&5
configure:9118: $? = 0
configure:9118: result: yes
configure:9143: checking for dlfcn.h
configure:9143: /opt/aarch64-ca53-linux-gnueabihf-8.4.01/usr/bin/aarch64-ca53-linux-gnu-gcc -c -I/home/joshtsou/centron_test_dut/out/include -Wall -O2  conftest.c >&5
configure:9143: $? = 0
configure:9143: result: yes
configure:9413: checking for objdir
configure:9429: result: .libs
configure:9689: checking if /opt/aarch64-ca53-linux-gnueabihf-8.4.01/usr/bin/aarch64-ca53-linux-gnu-gcc supports -fno-rtti -fno-exceptions
configure:9708: /opt/aarch64-ca53-linux-gnueabihf-8.4.01/usr/bin/aarch64-ca53-linux-gnu-gcc -c -I/home/joshtsou/centron_test_dut/out/include -Wall -O2  -fno-rtti -fno-exceptions conftest.c >&5
cc1: warning: command line option '-fno-rtti' is valid for C++/ObjC++ but not for C
configure:9712: $? = 0
configure:9725: result: no
configure:10089: checking for /opt/aarch64-ca53-linux-gnueabihf-8.4.01/usr/bin/aarch64-ca53-linux-gnu-gcc option to produce PIC
configure:10097: result: -fPIC -DPIC
configure:10105: checking if /opt/aarch64-ca53-linux-gnueabihf-8.4.01/usr/bin/aarch64-ca53-linux-gnu-gcc PIC flag -fPIC -DPIC works
configure:10124: /opt/aarch64-ca53-linux-gnueabihf-8.4.01/usr/bin/aarch64-ca53-linux-gnu-gcc -c -I/home/joshtsou/centron_test_dut/out/include -Wall -O2  -fPIC -DPIC -DPIC conftest.c >&5
configure:10128: $? = 0
configure:10141: result: yes
configure:10170: checking if /opt/aarch64-ca53-linux-gnueabihf-8.4.01/usr/bin/aarch64-ca53-linux-gnu-gcc static flag -static works
configure:10199: result: yes
configure:10214: checking if /opt/aarch64-ca53-linux-gnueabihf-8.4.01/usr/bin/aarch64-ca53-linux-gnu-gcc supports -c -o file.o
configure:10236: /opt/aarch64-ca53-linux-gnueabihf-8.4.01/usr/bin/aarch64-ca53-linux-gnu-gcc -c -I/home/joshtsou/centron_test_dut/out/include -Wall -O2  -o out/conftest2.o conftest.c >&5
configure:10240: $? = 0
configure:10262: result: yes
configure:10270: checking if /opt/aarch64-ca53-linux-gnueabihf-8.4.01/usr/bin/aarch64-ca53-linux-gnu-gcc supports -c -o file.o
configure:10318: result: yes
configure:10351: checking whether the /opt/aarch64-ca53-linux-gnueabihf-8.4.01/usr/bin/aarch64-ca53-linux-gnu-gcc linker (/opt/aarch64-ca53-linux-gnueabihf-8.4.01/usr/bin/aarch64-ca53-linux-gnu-ld) supports shared libraries
configure:11621: result: yes
configure:11862: checking dynamic linker characteristics
configure:12444: /opt/aarch64-ca53-linux-gnueabihf-8.4.01/usr/bin/aarch64-ca53-linux-gnu-gcc -o conftest -I/home/joshtsou/centron_test_dut/out/include -Wall -O2   -Wl,-rpath -Wl,/foo conftest.c  >&5
configure:12444: $? = 0
configure:12695: result: GNU/Linux ld.so
configure:12817: checking how to hardcode library paths into programs
configure:12842: result: immediate
configure:13394: checking whether stripping libraries is possible
configure:13399: result: yes
configure:13434: checking if libtool supports shared libraries
configure:13436: result: yes
configure:13439: checking whether to build shared libraries
configure:13464: result: no
configure:13467: checking whether to build static libraries
configure:13471: result: yes
configure:13494: checking how to run the C++ preprocessor
configure:13516: /opt/aarch64-ca53-linux-gnueabihf-8.4.01/usr/bin/aarch64-ca53-linux-gnu-g++ -E  conftest.cpp
configure:13516: $? = 0
configure:13531: /opt/aarch64-ca53-linux-gnueabihf-8.4.01/usr/bin/aarch64-ca53-linux-gnu-g++ -E  conftest.cpp
conftest.cpp:23:10: fatal error: ac_nonexistent.h: No such file or directory
 #include <ac_nonexistent.h>
          ^~~~~~~~~~~~~~~~~~
compilation terminated.
configure:13531: $? = 1
configure: failed program was:
| /* confdefs.h */
| #define PACKAGE_NAME "jansson"
| #define PACKAGE_TARNAME "jansson"
| #define PACKAGE_VERSION "2.13"
| #define PACKAGE_STRING "jansson 2.13"
| #define PACKAGE_BUGREPORT "https://github.com/akheron/jansson/issues"
| #define PACKAGE_URL ""
| #define PACKAGE "jansson"
| #define VERSION "2.13"
| #define HAVE_STDIO_H 1
| #define HAVE_STDLIB_H 1
| #define HAVE_STRING_H 1
| #define HAVE_INTTYPES_H 1
| #define HAVE_STDINT_H 1
| #define HAVE_STRINGS_H 1
| #define HAVE_SYS_STAT_H 1
| #define HAVE_SYS_TYPES_H 1
| #define HAVE_UNISTD_H 1
| #define STDC_HEADERS 1
| #define HAVE_DLFCN_H 1
| #define LT_OBJDIR ".libs/"
| /* end confdefs.h.  */
| #include <ac_nonexistent.h>
configure:13558: result: /opt/aarch64-ca53-linux-gnueabihf-8.4.01/usr/bin/aarch64-ca53-linux-gnu-g++ -E
configure:13572: /opt/aarch64-ca53-linux-gnueabihf-8.4.01/usr/bin/aarch64-ca53-linux-gnu-g++ -E  conftest.cpp
configure:13572: $? = 0
configure:13587: /opt/aarch64-ca53-linux-gnueabihf-8.4.01/usr/bin/aarch64-ca53-linux-gnu-g++ -E  conftest.cpp
conftest.cpp:23:10: fatal error: ac_nonexistent.h: No such file or directory
 #include <ac_nonexistent.h>
          ^~~~~~~~~~~~~~~~~~
compilation terminated.
configure:13587: $? = 1
configure: failed program was:
| /* confdefs.h */
| #define PACKAGE_NAME "jansson"
| #define PACKAGE_TARNAME "jansson"
| #define PACKAGE_VERSION "2.13"
| #define PACKAGE_STRING "jansson 2.13"
| #define PACKAGE_BUGREPORT "https://github.com/akheron/jansson/issues"
| #define PACKAGE_URL ""
| #define PACKAGE "jansson"
| #define VERSION "2.13"
| #define HAVE_STDIO_H 1
| #define HAVE_STDLIB_H 1
| #define HAVE_STRING_H 1
| #define HAVE_INTTYPES_H 1
| #define HAVE_STDINT_H 1
| #define HAVE_STRINGS_H 1
| #define HAVE_SYS_STAT_H 1
| #define HAVE_SYS_TYPES_H 1
| #define HAVE_UNISTD_H 1
| #define STDC_HEADERS 1
| #define HAVE_DLFCN_H 1
| #define LT_OBJDIR ".libs/"
| /* end confdefs.h.  */
| #include <ac_nonexistent.h>
configure:13752: checking for ld used by /opt/aarch64-ca53-linux-gnueabihf-8.4.01/usr/bin/aarch64-ca53-linux-gnu-g++
configure:13820: result: /opt/aarch64-ca53-linux-gnueabihf-8.4.01/usr/bin/aarch64-ca53-linux-gnu-ld
configure:13827: checking if the linker (/opt/aarch64-ca53-linux-gnueabihf-8.4.01/usr/bin/aarch64-ca53-linux-gnu-ld) is GNU ld
configure:13843: result: yes
configure:13898: checking whether the /opt/aarch64-ca53-linux-gnueabihf-8.4.01/usr/bin/aarch64-ca53-linux-gnu-g++ linker (/opt/aarch64-ca53-linux-gnueabihf-8.4.01/usr/bin/aarch64-ca53-linux-gnu-ld) supports shared libraries
configure:14975: result: yes
configure:15011: /opt/aarch64-ca53-linux-gnueabihf-8.4.01/usr/bin/aarch64-ca53-linux-gnu-g++ -c -g -O2  conftest.cpp >&5
configure:15014: $? = 0
configure:15495: checking for /opt/aarch64-ca53-linux-gnueabihf-8.4.01/usr/bin/aarch64-ca53-linux-gnu-g++ option to produce PIC
configure:15503: result: -fPIC -DPIC
configure:15511: checking if /opt/aarch64-ca53-linux-gnueabihf-8.4.01/usr/bin/aarch64-ca53-linux-gnu-g++ PIC flag -fPIC -DPIC works
configure:15530: /opt/aarch64-ca53-linux-gnueabihf-8.4.01/usr/bin/aarch64-ca53-linux-gnu-g++ -c -g -O2  -fPIC -DPIC -DPIC conftest.cpp >&5
configure:15534: $? = 0
configure:15547: result: yes
configure:15570: checking if /opt/aarch64-ca53-linux-gnueabihf-8.4.01/usr/bin/aarch64-ca53-linux-gnu-g++ static flag -static works
configure:15599: result: yes
configure:15611: checking if /opt/aarch64-ca53-linux-gnueabihf-8.4.01/usr/bin/aarch64-ca53-linux-gnu-g++ supports -c -o file.o
configure:15633: /opt/aarch64-ca53-linux-gnueabihf-8.4.01/usr/bin/aarch64-ca53-linux-gnu-g++ -c -g -O2  -o out/conftest2.o conftest.cpp >&5
configure:15637: $? = 0
configure:15659: result: yes
configure:15664: checking if /opt/aarch64-ca53-linux-gnueabihf-8.4.01/usr/bin/aarch64-ca53-linux-gnu-g++ supports -c -o file.o
configure:15712: result: yes
configure:15742: checking whether the /opt/aarch64-ca53-linux-gnueabihf-8.4.01/usr/bin/aarch64-ca53-linux-gnu-g++ linker (/opt/aarch64-ca53-linux-gnueabihf-8.4.01/usr/bin/aarch64-ca53-linux-gnu-ld) supports shared libraries
configure:15785: result: yes
configure:15927: checking dynamic linker characteristics
configure:16687: result: GNU/Linux ld.so
configure:16752: checking how to hardcode library paths into programs
configure:16777: result: immediate
configure:16850: checking for endian.h
configure:16850: /opt/aarch64-ca53-linux-gnueabihf-8.4.01/usr/bin/aarch64-ca53-linux-gnu-gcc -c -I/home/joshtsou/centron_test_dut/out/include -Wall -O2  conftest.c >&5
configure:16850: $? = 0
configure:16850: result: yes
configure:16856: checking for fcntl.h
configure:16856: /opt/aarch64-ca53-linux-gnueabihf-8.4.01/usr/bin/aarch64-ca53-linux-gnu-gcc -c -I/home/joshtsou/centron_test_dut/out/include -Wall -O2  conftest.c >&5
configure:16856: $? = 0
configure:16856: result: yes
configure:16862: checking for locale.h
configure:16862: /opt/aarch64-ca53-linux-gnueabihf-8.4.01/usr/bin/aarch64-ca53-linux-gnu-gcc -c -I/home/joshtsou/centron_test_dut/out/include -Wall -O2  conftest.c >&5
configure:16862: $? = 0
configure:16862: result: yes
configure:16868: checking for sched.h
configure:16868: /opt/aarch64-ca53-linux-gnueabihf-8.4.01/usr/bin/aarch64-ca53-linux-gnu-gcc -c -I/home/joshtsou/centron_test_dut/out/include -Wall -O2  conftest.c >&5
configure:16868: $? = 0
configure:16868: result: yes
configure:16874: checking for unistd.h
configure:16874: result: yes
configure:16880: checking for sys/param.h
configure:16880: /opt/aarch64-ca53-linux-gnueabihf-8.4.01/usr/bin/aarch64-ca53-linux-gnu-gcc -c -I/home/joshtsou/centron_test_dut/out/include -Wall -O2  conftest.c >&5
configure:16880: $? = 0
configure:16880: result: yes
configure:16886: checking for sys/stat.h
configure:16886: result: yes
configure:16892: checking for sys/time.h
configure:16892: /opt/aarch64-ca53-linux-gnueabihf-8.4.01/usr/bin/aarch64-ca53-linux-gnu-gcc -c -I/home/joshtsou/centron_test_dut/out/include -Wall -O2  conftest.c >&5
configure:16892: $? = 0
configure:16892: result: yes
configure:16898: checking for sys/types.h
configure:16898: result: yes
configure:16907: checking for int32_t
configure:16907: /opt/aarch64-ca53-linux-gnueabihf-8.4.01/usr/bin/aarch64-ca53-linux-gnu-gcc -c -I/home/joshtsou/centron_test_dut/out/include -Wall -O2  conftest.c >&5
configure:16907: $? = 0
configure:16907: /opt/aarch64-ca53-linux-gnueabihf-8.4.01/usr/bin/aarch64-ca53-linux-gnu-gcc -c -I/home/joshtsou/centron_test_dut/out/include -Wall -O2  conftest.c >&5
conftest.c: In function 'main':
conftest.c:65:53: warning: integer overflow in expression of type 'int' results in '-2147483648' [-Woverflow]
    < (int32_t) (((((int32_t) 1 << N) << N) - 1) * 2 + 2))];
                                                     ^
conftest.c:64:12: error: storage size of 'test_array' isn't constant
 static int test_array [1 - 2 * !((int32_t) (((((int32_t) 1 << N) << N) - 1) * 2 + 1)
            ^~~~~~~~~~
conftest.c:64:12: warning: unused variable 'test_array' [-Wunused-variable]
configure:16907: $? = 1
configure: failed program was:
| /* confdefs.h */
| #define PACKAGE_NAME "jansson"
| #define PACKAGE_TARNAME "jansson"
| #define PACKAGE_VERSION "2.13"
| #define PACKAGE_STRING "jansson 2.13"
| #define PACKAGE_BUGREPORT "https://github.com/akheron/jansson/issues"
| #define PACKAGE_URL ""
| #define PACKAGE "jansson"
| #define VERSION "2.13"
| #define HAVE_STDIO_H 1
| #define HAVE_STDLIB_H 1
| #define HAVE_STRING_H 1
| #define HAVE_INTTYPES_H 1
| #define HAVE_STDINT_H 1
| #define HAVE_STRINGS_H 1
| #define HAVE_SYS_STAT_H 1
| #define HAVE_SYS_TYPES_H 1
| #define HAVE_UNISTD_H 1
| #define STDC_HEADERS 1
| #define HAVE_DLFCN_H 1
| #define LT_OBJDIR ".libs/"
| #define HAVE_ENDIAN_H 1
| #define HAVE_FCNTL_H 1
| #define HAVE_LOCALE_H 1
| #define HAVE_SCHED_H 1
| #define HAVE_UNISTD_H 1
| #define HAVE_SYS_PARAM_H 1
| #define HAVE_SYS_STAT_H 1
| #define HAVE_SYS_TIME_H 1
| #define HAVE_SYS_TYPES_H 1
| /* end confdefs.h.  */
| #include <stddef.h>
| #ifdef HAVE_STDIO_H
| # include <stdio.h>
| #endif
| #ifdef HAVE_STDLIB_H
| # include <stdlib.h>
| #endif
| #ifdef HAVE_STRING_H
| # include <string.h>
| #endif
| #ifdef HAVE_INTTYPES_H
| # include <inttypes.h>
| #endif
| #ifdef HAVE_STDINT_H
| # include <stdint.h>
| #endif
| #ifdef HAVE_STRINGS_H
| # include <strings.h>
| #endif
| #ifdef HAVE_SYS_TYPES_H
| # include <sys/types.h>
| #endif
| #ifdef HAVE_SYS_STAT_H
| # include <sys/stat.h>
| #endif
| #ifdef HAVE_UNISTD_H
| # include <unistd.h>
| #endif
| 	        enum { N = 32 / 2 - 1 };
| int
| main (void)
| {
| static int test_array [1 - 2 * !((int32_t) (((((int32_t) 1 << N) << N) - 1) * 2 + 1)
| 		 < (int32_t) (((((int32_t) 1 << N) << N) - 1) * 2 + 2))];
| test_array [0] = 0;
| return test_array [0];
| 
|   ;
|   return 0;
| }
configure:16907: result: yes
configure:16916: checking for uint32_t
configure:16916: /opt/aarch64-ca53-linux-gnueabihf-8.4.01/usr/bin/aarch64-ca53-linux-gnu-gcc -c -I/home/joshtsou/centron_test_dut/out/include -Wall -O2  conftest.c >&5
configure:16916: $? = 0
configure:16916: result: yes
configure:16928: checking for uint16_t
configure:16928: /opt/aarch64-ca53-linux-gnueabihf-8.4.01/usr/bin/aarch64-ca53-linux-gnu-gcc -c -I/home/joshtsou/centron_test_dut/out/include -Wall -O2  conftest.c >&5
configure:16928: $? = 0
configure:16928: result: yes
configure:16938: checking for uint8_t
configure:16938: /opt/aarch64-ca53-linux-gnueabihf-8.4.01/usr/bin/aarch64-ca53-linux-gnu-gcc -c -I/home/joshtsou/centron_test_dut/out/include -Wall -O2  conftest.c >&5
configure:16938: $? = 0
configure:16938: result: yes
configure:16951: checking for unsigned long long int
configure:16993: /opt/aarch64-ca53-linux-gnueabihf-8.4.01/usr/bin/aarch64-ca53-linux-gnu-gcc -o conftest -I/home/joshtsou/centron_test_dut/out/include -Wall -O2   conftest.c  >&5
configure:16993: $? = 0
configure:17003: result: yes
configure:17013: checking for long long int
configure:17068: result: yes
configure:17077: checking for inline
configure:17094: /opt/aarch64-ca53-linux-gnueabihf-8.4.01/usr/bin/aarch64-ca53-linux-gnu-gcc -c -I/home/joshtsou/centron_test_dut/out/include -Wall -O2  conftest.c >&5
configure:17094: $? = 0
configure:17103: result: inline
configure:17129: checking for close
configure:17129: /opt/aarch64-ca53-linux-gnueabihf-8.4.01/usr/bin/aarch64-ca53-linux-gnu-gcc -o conftest -I/home/joshtsou/centron_test_dut/out/include -Wall -O2   conftest.c  >&5
configure:17129: $? = 0
configure:17129: result: yes
configure:17135: checking for getpid
configure:17135: /opt/aarch64-ca53-linux-gnueabihf-8.4.01/usr/bin/aarch64-ca53-linux-gnu-gcc -o conftest -I/home/joshtsou/centron_test_dut/out/include -Wall -O2   conftest.c  >&5
configure:17135: $? = 0
configure:17135: result: yes
configure:17141: checking for gettimeofday
configure:17141: /opt/aarch64-ca53-linux-gnueabihf-8.4.01/usr/bin/aarch64-ca53-linux-gnu-gcc -o conftest -I/home/joshtsou/centron_test_dut/out/include -Wall -O2   conftest.c  >&5
configure:17141: $? = 0
configure:17141: result: yes
configure:17147: checking for localeconv
configure:17147: /opt/aarch64-ca53-linux-gnueabihf-8.4.01/usr/bin/aarch64-ca53-linux-gnu-gcc -o conftest -I/home/joshtsou/centron_test_dut/out/include -Wall -O2   conftest.c  >&5
configure:17147: $? = 0
configure:17147: result: yes
configure:17153: checking for open
configure:17153: /opt/aarch64-ca53-linux-gnueabihf-8.4.01/usr/bin/aarch64-ca53-linux-gnu-gcc -o conftest -I/home/joshtsou/centron_test_dut/out/include -Wall -O2   conftest.c  >&5
configure:17153: $? = 0
configure:17153: result: yes
configure:17159: checking for read
configure:17159: /opt/aarch64-ca53-linux-gnueabihf-8.4.01/usr/bin/aarch64-ca53-linux-gnu-gcc -o conftest -I/home/joshtsou/centron_test_dut/out/include -Wall -O2   conftest.c  >&5
configure:17159: $? = 0
configure:17159: result: yes
configure:17165: checking for sched_yield
configure:17165: /opt/aarch64-ca53-linux-gnueabihf-8.4.01/usr/bin/aarch64-ca53-linux-gnu-gcc -o conftest -I/home/joshtsou/centron_test_dut/out/include -Wall -O2   conftest.c  >&5
configure:17165: $? = 0
configure:17165: result: yes
configure:17171: checking for strtoll
configure:17171: /opt/aarch64-ca53-linux-gnueabihf-8.4.01/usr/bin/aarch64-ca53-linux-gnu-gcc -o conftest -I/home/joshtsou/centron_test_dut/out/include -Wall -O2   conftest.c  >&5
configure:17171: $? = 0
configure:17171: result: yes
configure:17179: checking for gcc __sync builtins
configure:17193: /opt/aarch64-ca53-linux-gnueabihf-8.4.01/usr/bin/aarch64-ca53-linux-gnu-gcc -o conftest -I/home/joshtsou/centron_test_dut/out/include -Wall -O2   conftest.c  >&5
configure:17193: $? = 0
configure:17208: result: yes
configure:17211: checking for gcc __atomic builtins
configure:17225: /opt/aarch64-ca53-linux-gnueabihf-8.4.01/usr/bin/aarch64-ca53-linux-gnu-gcc -o conftest -I/home/joshtsou/centron_test_dut/out/include -Wall -O2   conftest.c  >&5
configure:17225: $? = 0
configure:17240: result: yes
configure:17308: checking for -Bsymbolic-functions linker flag
configure:17323: /opt/aarch64-ca53-linux-gnueabihf-8.4.01/usr/bin/aarch64-ca53-linux-gnu-gcc -o conftest -I/home/joshtsou/centron_test_dut/out/include -Wall -O2  -Wl,-Bsymbolic-functions conftest.c  >&5
conftest.c: In function 'main':
conftest.c:51:5: warning: 'main' is normally a non-static function [-Wmain]
 int main (void) { return 0; }
     ^~~~
At top level:
conftest.c:51:5: warning: 'main' defined but not used [-Wunused-function]
configure:17323: $? = 0
configure:17325: result: yes
configure:17391: checking for -Wno-format-truncation
configure:17396: result: yes
configure:17511: checking that generated files are newer than configure
configure:17517: result: done
configure:17560: creating ./config.status

## ---------------------- ##
## Running config.status. ##
## ---------------------- ##

This file was extended by jansson config.status 2.13, which was
generated by GNU Autoconf 2.71.  Invocation command line was

  CONFIG_FILES    = 
  CONFIG_HEADERS  = 
  CONFIG_LINKS    = 
  CONFIG_COMMANDS = 
  $ ./config.status 

on joshtsou

config.status:1191: creating jansson.pc
config.status:1191: creating Makefile
config.status:1191: creating doc/Makefile
config.status:1191: creating src/Makefile
config.status:1191: creating src/jansson_config.h
config.status:1191: creating test/Makefile
config.status:1191: creating test/bin/Makefile
config.status:1191: creating test/ossfuzz/Makefile
config.status:1191: creating test/suites/Makefile
config.status:1191: creating test/suites/api/Makefile
config.status:1191: creating jansson_private_config.h
config.status:1420: executing depfiles commands
config.status:1497: cd src       && sed -e '/# am--include-marker/d' Makefile         | make -f - am--depfiles
make[2]: Entering directory '/home/joshtsou/centron_test_dut/opensource/jansson-2.13/src'
make[2]: Leaving directory '/home/joshtsou/centron_test_dut/opensource/jansson-2.13/src'
config.status:1502: $? = 0
config.status:1497: cd test/bin       && sed -e '/# am--include-marker/d' Makefile         | make -f - am--depfiles
make[2]: Entering directory '/home/joshtsou/centron_test_dut/opensource/jansson-2.13/test/bin'
make[2]: Leaving directory '/home/joshtsou/centron_test_dut/opensource/jansson-2.13/test/bin'
config.status:1502: $? = 0
config.status:1497: cd test/ossfuzz       && sed -e '/# am--include-marker/d' Makefile         | make -f - am--depfiles
make[2]: Entering directory '/home/joshtsou/centron_test_dut/opensource/jansson-2.13/test/ossfuzz'
make[2]: Leaving directory '/home/joshtsou/centron_test_dut/opensource/jansson-2.13/test/ossfuzz'
config.status:1502: $? = 0
config.status:1497: cd test/suites/api       && sed -e '/# am--include-marker/d' Makefile         | make -f - am--depfiles
make[2]: Entering directory '/home/joshtsou/centron_test_dut/opensource/jansson-2.13/test/suites/api'
make[2]: Leaving directory '/home/joshtsou/centron_test_dut/opensource/jansson-2.13/test/suites/api'
config.status:1502: $? = 0
config.status:1420: executing libtool commands

## ---------------- ##
## Cache variables. ##
## ---------------- ##

ac_cv_build=x86_64-pc-linux-gnu
ac_cv_c_compiler_gnu=yes
ac_cv_c_inline=inline
ac_cv_c_int32_t=yes
ac_cv_c_uint16_t=yes
ac_cv_c_uint32_t=yes
ac_cv_c_uint8_t=yes
ac_cv_cxx_compiler_gnu=yes
ac_cv_env_CCC_set=
ac_cv_env_CCC_value=
ac_cv_env_CC_set=set
ac_cv_env_CC_value=/opt/aarch64-ca53-linux-gnueabihf-8.4.01/usr/bin/aarch64-ca53-linux-gnu-gcc
ac_cv_env_CFLAGS_set=set
ac_cv_env_CFLAGS_value='-I/home/joshtsou/centron_test_dut/out/include -Wall -O2'
ac_cv_env_CPPFLAGS_set=
ac_cv_env_CPPFLAGS_value=
ac_cv_env_CXXCPP_set=
ac_cv_env_CXXCPP_value=
ac_cv_env_CXXFLAGS_set=
ac_cv_env_CXXFLAGS_value=
ac_cv_env_CXX_set=set
ac_cv_env_CXX_value=/opt/aarch64-ca53-linux-gnueabihf-8.4.01/usr/bin/aarch64-ca53-linux-gnu-g++
ac_cv_env_LDFLAGS_set=
ac_cv_env_LDFLAGS_value=
ac_cv_env_LIBS_set=
ac_cv_env_LIBS_value=
ac_cv_env_LT_SYS_LIBRARY_PATH_set=
ac_cv_env_LT_SYS_LIBRARY_PATH_value=
ac_cv_env_build_alias_set=
ac_cv_env_build_alias_value=
ac_cv_env_host_alias_set=set
ac_cv_env_host_alias_value=aarch64-ca53-linux-gnu
ac_cv_env_target_alias_set=
ac_cv_env_target_alias_value=
ac_cv_func_close=yes
ac_cv_func_getpid=yes
ac_cv_func_gettimeofday=yes
ac_cv_func_localeconv=yes
ac_cv_func_open=yes
ac_cv_func_read=yes
ac_cv_func_sched_yield=yes
ac_cv_func_strtoll=yes
ac_cv_header_dlfcn_h=yes
ac_cv_header_endian_h=yes
ac_cv_header_fcntl_h=yes
ac_cv_header_inttypes_h=yes
ac_cv_header_locale_h=yes
ac_cv_header_sched_h=yes
ac_cv_header_stdint_h=yes
ac_cv_header_stdio_h=yes
ac_cv_header_stdlib_h=yes
ac_cv_header_string_h=yes
ac_cv_header_strings_h=yes
ac_cv_header_sys_param_h=yes
ac_cv_header_sys_stat_h=yes
ac_cv_header_sys_time_h=yes
ac_cv_header_sys_types_h=yes
ac_cv_header_unistd_h=yes
ac_cv_host=aarch64-ca53-linux-gnu
ac_cv_objext=o
ac_cv_path_EGREP='/usr/bin/grep -E'
ac_cv_path_FGREP='/usr/bin/grep -F'
ac_cv_path_GREP=/usr/bin/grep
ac_cv_path_SED=/usr/bin/sed
ac_cv_path_install='/usr/bin/install -c'
ac_cv_path_lt_DD=/usr/bin/dd
ac_cv_path_mkdir=/usr/bin/mkdir
ac_cv_prog_AR=/opt/aarch64-ca53-linux-gnueabihf-8.4.01/usr/bin/aarch64-ca53-linux-gnu-ar
ac_cv_prog_AWK=mawk
ac_cv_prog_CC=/opt/aarch64-ca53-linux-gnueabihf-8.4.01/usr/bin/aarch64-ca53-linux-gnu-gcc
ac_cv_prog_CXXCPP='/opt/aarch64-ca53-linux-gnueabihf-8.4.01/usr/bin/aarch64-ca53-linux-gnu-g++ -E'
ac_cv_prog_RANLIB=/opt/aarch64-ca53-linux-gnueabihf-8.4.01/usr/bin/aarch64-ca53-linux-gnu-ranlib
ac_cv_prog_STRIP=/opt/aarch64-ca53-linux-gnueabihf-8.4.01/usr/bin/aarch64-ca53-linux-gnu-strip
ac_cv_prog_ac_ct_DUMPBIN='link -dump'
ac_cv_prog_ac_ct_MANIFEST_TOOL=mt
ac_cv_prog_ac_ct_OBJDUMP=objdump
ac_cv_prog_cc_c11=
ac_cv_prog_cc_g=yes
ac_cv_prog_cc_stdc=
ac_cv_prog_cxx_11=no
ac_cv_prog_cxx_cxx11=
ac_cv_prog_cxx_g=yes
ac_cv_prog_cxx_stdcxx=
ac_cv_prog_make_make_set=yes
ac_cv_type_long_long_int=yes
ac_cv_type_unsigned_long_long_int=yes
am_cv_CC_dependencies_compiler_type=gcc3
am_cv_CXX_dependencies_compiler_type=gcc3
am_cv_make_support_nested_variables=yes
am_cv_prog_cc_c_o=yes
lt_cv_ar_at_file=@
lt_cv_deplibs_check_method=pass_all
lt_cv_file_magic_cmd='$MAGIC_CMD'
lt_cv_file_magic_test_file=
lt_cv_ld_reload_flag=-r
lt_cv_nm_interface='BSD nm'
lt_cv_objdir=.libs
lt_cv_path_LD=/opt/aarch64-ca53-linux-gnueabihf-8.4.01/usr/bin/aarch64-ca53-linux-gnu-ld
lt_cv_path_LDCXX=/opt/aarch64-ca53-linux-gnueabihf-8.4.01/usr/bin/aarch64-ca53-linux-gnu-ld
lt_cv_path_NM=no
lt_cv_path_mainfest_tool=no
lt_cv_prog_compiler_c_o=yes
lt_cv_prog_compiler_c_o_CXX=yes
lt_cv_prog_compiler_pic='-fPIC -DPIC'
lt_cv_prog_compiler_pic_CXX='-fPIC -DPIC'
lt_cv_prog_compiler_pic_works=yes
lt_cv_prog_compiler_pic_works_CXX=yes
lt_cv_prog_compiler_rtti_exceptions=no
lt_cv_prog_compiler_static_works=yes
lt_cv_prog_compiler_static_works_CXX=yes
lt_cv_prog_gnu_ld=yes
lt_cv_prog_gnu_ldcxx=yes
lt_cv_sharedlib_from_linklib_cmd='printf %s\n'
lt_cv_shlibpath_overrides_runpath=no
lt_cv_sys_global_symbol_pipe='sed -n -e '\''s/^.*[	 ]\([ABCDGIRSTW][ABCDGIRSTW]*\)[	 ][	 ]*\([_A-Za-z][_A-Za-z0-9]*\)$/\1 \2 \2/p'\'' | sed '\''/ __gnu_lto/d'\'''
lt_cv_sys_global_symbol_to_c_name_address='sed -n -e '\''s/^: \(.*\) .*$/  {"\1", (void *) 0},/p'\'' -e '\''s/^[ABCDGIRSTW][ABCDGIRSTW]* .* \(.*\)$/  {"\1", (void *) \&\1},/p'\'''
lt_cv_sys_global_symbol_to_c_name_address_lib_prefix='sed -n -e '\''s/^: \(.*\) .*$/  {"\1", (void *) 0},/p'\'' -e '\''s/^[ABCDGIRSTW][ABCDGIRSTW]* .* \(lib.*\)$/  {"\1", (void *) \&\1},/p'\'' -e '\''s/^[ABCDGIRSTW][ABCDGIRSTW]* .* \(.*\)$/  {"lib\1", (void *) \&\1},/p'\'''
lt_cv_sys_global_symbol_to_cdecl='sed -n -e '\''s/^T .* \(.*\)$/extern int \1();/p'\'' -e '\''s/^[ABCDGIRSTW][ABCDGIRSTW]* .* \(.*\)$/extern char \1;/p'\'''
lt_cv_sys_global_symbol_to_import=
lt_cv_sys_max_cmd_len=1572864
lt_cv_to_host_file_cmd=func_convert_file_noop
lt_cv_to_tool_file_cmd=func_convert_file_noop
lt_cv_truncate_bin='/usr/bin/dd bs=4096 count=1'

## ----------------- ##
## Output variables. ##
## ----------------- ##

ACLOCAL='${SHELL} '\''/home/joshtsou/centron_test_dut/opensource/jansson-2.13/missing'\'' aclocal-1.16'
AMDEPBACKSLASH='\'
AMDEP_FALSE='#'
AMDEP_TRUE=''
AMTAR='$${TAR-tar}'
AM_BACKSLASH='\'
AM_CFLAGS='-Wall -Wextra -Wdeclaration-after-statement -Wshadow -Wno-format-truncation'
AM_DEFAULT_V='$(AM_DEFAULT_VERBOSITY)'
AM_DEFAULT_VERBOSITY='1'
AM_V='$(V)'
AR='/opt/aarch64-ca53-linux-gnueabihf-8.4.01/usr/bin/aarch64-ca53-linux-gnu-ar'
AUTOCONF='${SHELL} '\''/home/joshtsou/centron_test_dut/opensource/jansson-2.13/missing'\'' autoconf'
AUTOHEADER='${SHELL} '\''/home/joshtsou/centron_test_dut/opensource/jansson-2.13/missing'\'' autoheader'
AUTOMAKE='${SHELL} '\''/home/joshtsou/centron_test_dut/opensource/jansson-2.13/missing'\'' automake-1.16'
AWK='mawk'
CC='/opt/aarch64-ca53-linux-gnueabihf-8.4.01/usr/bin/aarch64-ca53-linux-gnu-gcc'
CCDEPMODE='depmode=gcc3'
CFLAGS='-I/home/joshtsou/centron_test_dut/out/include -Wall -O2'
CPPFLAGS=''
CSCOPE='cscope'
CTAGS='ctags'
CXX='/opt/aarch64-ca53-linux-gnueabihf-8.4.01/usr/bin/aarch64-ca53-linux-gnu-g++'
CXXCPP='/opt/aarch64-ca53-linux-gnueabihf-8.4.01/usr/bin/aarch64-ca53-linux-gnu-g++ -E'
CXXDEPMODE='depmode=gcc3'
CXXFLAGS='-g -O2'
CYGPATH_W='echo'
DEFS='-DHAVE_CONFIG_H'
DEPDIR='.deps'
DLLTOOL='false'
DSYMUTIL=''
DUMPBIN=':'
ECHO_C=''
ECHO_N='-n'
ECHO_T=''
EGREP='/usr/bin/grep -E'
ETAGS='etags'
EXEEXT=''
FGREP='/usr/bin/grep -F'
GCC_FALSE='#'
GCC_TRUE=''
GREP='/usr/bin/grep'
INSTALL_DATA='${INSTALL} -m 644'
INSTALL_PROGRAM='${INSTALL}'
INSTALL_SCRIPT='${INSTALL}'
INSTALL_STRIP_PROGRAM='$(install_sh) -c -s'
JSON_BSYMBOLIC_LDFLAGS='-Wl,-Bsymbolic-functions'
LD='/opt/aarch64-ca53-linux-gnueabihf-8.4.01/usr/bin/aarch64-ca53-linux-gnu-ld'
LDFLAGS=''
LIBOBJS=''
LIBS=''
LIBTOOL='$(SHELL) $(top_builddir)/libtool'
LIB_FUZZING_ENGINE=''
LIPO=''
LN_S='ln -s'
LTLIBOBJS=''
LT_SYS_LIBRARY_PATH=''
MAKEINFO='${SHELL} '\''/home/joshtsou/centron_test_dut/opensource/jansson-2.13/missing'\'' makeinfo'
MANIFEST_TOOL=':'
MKDIR_P='/usr/bin/mkdir -p'
NM='nm'
NMEDIT=''
OBJDUMP='objdump'
OBJEXT='o'
OTOOL64=''
OTOOL=''
PACKAGE='jansson'
PACKAGE_BUGREPORT='https://github.com/akheron/jansson/issues'
PACKAGE_NAME='jansson'
PACKAGE_STRING='jansson 2.13'
PACKAGE_TARNAME='jansson'
PACKAGE_URL=''
PACKAGE_VERSION='2.13'
PATH_SEPARATOR=':'
RANLIB='/opt/aarch64-ca53-linux-gnueabihf-8.4.01/usr/bin/aarch64-ca53-linux-gnu-ranlib'
SED='/usr/bin/sed'
SET_MAKE=''
SHELL='/bin/bash'
STRIP='/opt/aarch64-ca53-linux-gnueabihf-8.4.01/usr/bin/aarch64-ca53-linux-gnu-strip'
USE_OSSFUZZERS_FALSE=''
USE_OSSFUZZERS_TRUE='#'
USE_OSSFUZZ_FLAG_FALSE=''
USE_OSSFUZZ_FLAG_TRUE='#'
USE_OSSFUZZ_STATIC_FALSE=''
USE_OSSFUZZ_STATIC_TRUE='#'
VERSION='2.13'
ac_ct_AR=''
ac_ct_CC=''
ac_ct_CXX=''
ac_ct_DUMPBIN='link -dump'
am__EXEEXT_FALSE=''
am__EXEEXT_TRUE='#'
am__fastdepCC_FALSE='#'
am__fastdepCC_TRUE=''
am__fastdepCXX_FALSE='#'
am__fastdepCXX_TRUE=''
am__include='include'
am__isrc=''
am__leading_dot='.'
am__nodep='_no'
am__quote=''
am__tar='$${TAR-tar} chof - "$$tardir"'
am__untar='$${TAR-tar} xf -'
bindir='${exec_prefix}/bin'
build='x86_64-pc-linux-gnu'
build_alias=''
build_cpu='x86_64'
build_os='linux-gnu'
build_vendor='pc'
datadir='${datarootdir}'
datarootdir='${prefix}/share'
docdir='${datarootdir}/doc/${PACKAGE_TARNAME}'
dvidir='${docdir}'
exec_prefix='${prefix}'
host='aarch64-ca53-linux-gnu'
host_alias='aarch64-ca53-linux-gnu'
host_cpu='aarch64'
host_os='linux-gnu'
host_vendor='ca53'
htmldir='${docdir}'
includedir='${prefix}/include'
infodir='${datarootdir}/info'
install_sh='${SHELL} /home/joshtsou/centron_test_dut/opensource/jansson-2.13/install-sh'
json_have_atomic_builtins='1'
json_have_localeconv='1'
json_have_long_long='1'
json_have_sync_builtins='1'
json_inline='inline'
libdir='${exec_prefix}/lib'
libexecdir='${exec_prefix}/libexec'
localedir='${datarootdir}/locale'
localstatedir='${prefix}/var'
mandir='${datarootdir}/man'
mkdir_p='$(MKDIR_P)'
oldincludedir='/usr/include'
pdfdir='${docdir}'
prefix='/home/joshtsou/centron_test_dut/out'
program_transform_name='s,x,x,'
psdir='${docdir}'
runstatedir='${localstatedir}/run'
sbindir='${exec_prefix}/sbin'
sharedstatedir='${prefix}/com'
sysconfdir='${prefix}/etc'
target_alias=''

## ----------- ##
## confdefs.h. ##
## ----------- ##

/* confdefs.h */
#define PACKAGE_NAME "jansson"
#define PACKAGE_TARNAME "jansson"
#define PACKAGE_VERSION "2.13"
#define PACKAGE_STRING "jansson 2.13"
#define PACKAGE_BUGREPORT "https://github.com/akheron/jansson/issues"
#define PACKAGE_URL ""
#define PACKAGE "jansson"
#define VERSION "2.13"
#define HAVE_STDIO_H 1
#define HAVE_STDLIB_H 1
#define HAVE_STRING_H 1
#define HAVE_INTTYPES_H 1
#define HAVE_STDINT_H 1
#define HAVE_STRINGS_H 1
#define HAVE_SYS_STAT_H 1
#define HAVE_SYS_TYPES_H 1
#define HAVE_UNISTD_H 1
#define STDC_HEADERS 1
#define HAVE_DLFCN_H 1
#define LT_OBJDIR ".libs/"
#define HAVE_ENDIAN_H 1
#define HAVE_FCNTL_H 1
#define HAVE_LOCALE_H 1
#define HAVE_SCHED_H 1
#define HAVE_UNISTD_H 1
#define HAVE_SYS_PARAM_H 1
#define HAVE_SYS_STAT_H 1
#define HAVE_SYS_TIME_H 1
#define HAVE_SYS_TYPES_H 1
#define HAVE_UNSIGNED_LONG_LONG_INT 1
#define HAVE_LONG_LONG_INT 1
#define HAVE_CLOSE 1
#define HAVE_GETPID 1
#define HAVE_GETTIMEOFDAY 1
#define HAVE_LOCALECONV 1
#define HAVE_OPEN 1
#define HAVE_READ 1
#define HAVE_SCHED_YIELD 1
#define HAVE_STRTOLL 1
#define HAVE_SYNC_BUILTINS 1
#define HAVE_ATOMIC_BUILTINS 1
#define USE_URANDOM 1
#define USE_WINDOWS_CRYPTOAPI 1
#define INITIAL_HASHTABLE_ORDER 3

configure: exit 0
